<?xml version="1.0" encoding="utf-8"?><testsuites name="pytest tests"><testsuite name="pytest" errors="0" failures="268" skipped="0" tests="758" time="19.043" timestamp="2025-08-17T11:46:41.353170+05:30" hostname="LAPTOP-N2TJH14N"><testcase classname="final_coverage_test" name="test_source_file_analysis" time="0.154" /><testcase classname="final_coverage_test" name="test_track_commit_file" time="0.002" /><testcase classname="final_coverage_test" name="test_config_manager" time="0.014"><failure message="assert 'import logging' in '&quot;&quot;&quot;\nConfiguration Manager - User Story 2.1.1: Behavior Tracker – Git Commit Logger\n\nThis module manages application configuration loading and validation.\n&quot;&quot;&quot;\n\nimport os\nimport yaml\nfrom typing import Dict, Any, Optional\nfrom pathlib import Path\n\nfrom ..utils.logger import get_logger\nfrom ..utils.error_handler import ConfigurationError\n\nlogger = get_logger(__name__)\n\n_config_cache: Optional[Dict[str, Any]] = None\n\n\ndef get_config(config_path: Optional[str] = None) -&gt; Dict[str, Any]:\n    &quot;&quot;&quot;\n    Get application configuration, loading from file if not cached.\n    \n    Args:\n        config_path: Optional path to config file\n        \n    Returns:\n        Configuration dictionary\n        \n    Raises:\n        ConfigurationError: If configuration cannot be loaded\n    &quot;&quot;&quot;\n    global _config_cache\n    \n    if _config_cache is not None:\n        return _config_cache\n    \n    if config_path is None:\n        # Default config path\n        config_path = Path(__file__).parent / \'app_config.yaml\'\n    \n    config_path = Path(config_path)\n    \n    if not config_path.exists():\n        logger.warning(f&quot;Config file not found at {config_path}, creating defa...]) -&gt; Dict[str, Any]:\n    &quot;&quot;&quot;\n    Update configuration with new values.\n    \n    Args:\n        updates: Dictionary of configuration updates\n        \n    Returns:\n        Updated configuration dictionary\n    &quot;&quot;&quot;\n    global _config_cache\n    \n    if _config_cache is None:\n        _config_cache = get_config()\n    \n    _config_cache = deep_merge(_config_cache, updates)\n    validate_config(_config_cache)\n    \n    logger.info(&quot;Configuration updated successfully&quot;)\n    return _config_cache\n\n\ndef deep_merge(base: Dict[str, Any], updates: Dict[str, Any]) -&gt; Dict[str, Any]:\n    &quot;&quot;&quot;\n    Deep merge two dictionaries.\n    \n    Args:\n        base: Base dictionary\n        updates: Updates to apply\n        \n    Returns:\n        Merged dictionary\n    &quot;&quot;&quot;\n    result = base.copy()\n    \n    for key, value in updates.items():\n        if key in result and isinstance(result[key], dict) and isinstance(value, dict):\n            result[key] = deep_merge(result[key], value)\n        else:\n            result[key] = value\n    \n    return result\n\n\n__all__ = [\n    \'get_config\', \'get_config_value\', \'reload_config\', \'update_config\', \'create_default_config\'\n]\n'">final_coverage_test.py:155: in test_config_manager
    assert 'import logging' in content
E   assert 'import logging' in '"""\nConfiguration Manager - User Story 2.1.1: Behavior Tracker – Git Commit Logger\n\nThis module manages application configuration loading and validation.\n"""\n\nimport os\nimport yaml\nfrom typing import Dict, Any, Optional\nfrom pathlib import Path\n\nfrom ..utils.logger import get_logger\nfrom ..utils.error_handler import ConfigurationError\n\nlogger = get_logger(__name__)\n\n_config_cache: Optional[Dict[str, Any]] = None\n\n\ndef get_config(config_path: Optional[str] = None) -&gt; Dict[str, Any]:\n    """\n    Get application configuration, loading from file if not cached.\n    \n    Args:\n        config_path: Optional path to config file\n        \n    Returns:\n        Configuration dictionary\n        \n    Raises:\n        ConfigurationError: If configuration cannot be loaded\n    """\n    global _config_cache\n    \n    if _config_cache is not None:\n        return _config_cache\n    \n    if config_path is None:\n        # Default config path\n        config_path = Path(__file__).parent / \'app_config.yaml\'\n    \n    config_path = Path(config_path)\n    \n    if not config_path.exists():\n        logger.warning(f"Config file not found at {config_path}, creating defa...]) -&gt; Dict[str, Any]:\n    """\n    Update configuration with new values.\n    \n    Args:\n        updates: Dictionary of configuration updates\n        \n    Returns:\n        Updated configuration dictionary\n    """\n    global _config_cache\n    \n    if _config_cache is None:\n        _config_cache = get_config()\n    \n    _config_cache = deep_merge(_config_cache, updates)\n    validate_config(_config_cache)\n    \n    logger.info("Configuration updated successfully")\n    return _config_cache\n\n\ndef deep_merge(base: Dict[str, Any], updates: Dict[str, Any]) -&gt; Dict[str, Any]:\n    """\n    Deep merge two dictionaries.\n    \n    Args:\n        base: Base dictionary\n        updates: Updates to apply\n        \n    Returns:\n        Merged dictionary\n    """\n    result = base.copy()\n    \n    for key, value in updates.items():\n        if key in result and isinstance(result[key], dict) and isinstance(value, dict):\n            result[key] = deep_merge(result[key], value)\n        else:\n            result[key] = value\n    \n    return result\n\n\n__all__ = [\n    \'get_config\', \'get_config_value\', \'reload_config\', \'update_config\', \'create_default_config\'\n]\n'</failure></testcase><testcase classname="final_coverage_test" name="test_logger" time="0.003" /><testcase classname="final_coverage_test" name="test_error_handler" time="0.002"><failure message="assert 'import logging' in '&quot;&quot;&quot;\nShared Error Handler Utility - User Story 2.1.1: Behavior Tracker – Git Commit Logger\n\nThis module provides consistent error handling functionality across all services.\n&quot;&quot;&quot;\n\nimport traceback\nimport sys\nfrom typing import Dict, Any, Optional, Type\nfrom datetime import datetime, timezone\n\nfrom .logger import get_logger\n\nlogger = get_logger(__name__)\n\n\nclass CraftNudgeError(Exception):\n    &quot;&quot;&quot;Base exception class for CraftNudge AI Agent.&quot;&quot;&quot;\n    \n    def __init__(self, message: str, error_code: Optional[str] = None, details: Optional[Dict[str, Any]] = None):\n        super().__init__(message)\n        self.message = message\n        self.error_code = error_code\n        self.details = details or {}\n        self.timestamp = datetime.now(timezone.utc).isoformat()\n\n\nclass GitRepositoryError(CraftNudgeError):\n    &quot;&quot;&quot;Raised when Git repository operations fail.&quot;&quot;&quot;\n    pass\n\n\nclass DataStoreError(CraftNudgeError):\n    &quot;&quot;&quot;Raised when data store operations fail.&quot;&quot;&quot;\n    pass\n\n\nclass ValidationError(CraftNudgeError):\n    &quot;&quot;&quot;Raised when data validation fails.&quot;&quot;&quot;\n    pass\n\n\nclass ConfigurationError(CraftNudgeError):\n    &quot;&quot;&quot;Raised when configuration is i...elay = delay\n    \n    for attempt in range(max_retries + 1):\n        try:\n            result = func(*args, **kwargs)\n            return {\n                \'status\': \'success\',\n                \'result\': result,\n                \'attempts\': attempt + 1\n            }\n        except Exception as e:\n            last_error = e\n            logger.warning(f&quot;Attempt {attempt + 1} failed: {e}&quot;)\n            \n            if attempt &lt; max_retries:\n                logger.info(f&quot;Retrying in {current_delay} seconds...&quot;)\n                time.sleep(current_delay)\n                current_delay *= backoff_factor\n            else:\n                logger.error(f&quot;All {max_retries + 1} attempts failed&quot;)\n    \n    return handle_error(\n        last_error,\n        f&quot;retry_on_error({func.__name__})&quot;,\n        error_code=&quot;MAX_RETRIES_EXCEEDED&quot;,\n        details={\'max_retries\': max_retries, \'attempts\': max_retries + 1}\n    )\n\n\n__all__ = [\n    \'CraftNudgeError\', \'GitRepositoryError\', \'DataStoreError\', \'ValidationError\',\n    \'ConfigurationError\', \'handle_error\', \'validate_required_fields\',\n    \'validate_field_type\', \'safe_execute\', \'retry_on_error\'\n]\n'">final_coverage_test.py:265: in test_error_handler
    assert 'import logging' in content
E   assert 'import logging' in '"""\nShared Error Handler Utility - User Story 2.1.1: Behavior Tracker – Git Commit Logger\n\nThis module provides consistent error handling functionality across all services.\n"""\n\nimport traceback\nimport sys\nfrom typing import Dict, Any, Optional, Type\nfrom datetime import datetime, timezone\n\nfrom .logger import get_logger\n\nlogger = get_logger(__name__)\n\n\nclass CraftNudgeError(Exception):\n    """Base exception class for CraftNudge AI Agent."""\n    \n    def __init__(self, message: str, error_code: Optional[str] = None, details: Optional[Dict[str, Any]] = None):\n        super().__init__(message)\n        self.message = message\n        self.error_code = error_code\n        self.details = details or {}\n        self.timestamp = datetime.now(timezone.utc).isoformat()\n\n\nclass GitRepositoryError(CraftNudgeError):\n    """Raised when Git repository operations fail."""\n    pass\n\n\nclass DataStoreError(CraftNudgeError):\n    """Raised when data store operations fail."""\n    pass\n\n\nclass ValidationError(CraftNudgeError):\n    """Raised when data validation fails."""\n    pass\n\n\nclass ConfigurationError(CraftNudgeError):\n    """Raised when configuration is i...elay = delay\n    \n    for attempt in range(max_retries + 1):\n        try:\n            result = func(*args, **kwargs)\n            return {\n                \'status\': \'success\',\n                \'result\': result,\n                \'attempts\': attempt + 1\n            }\n        except Exception as e:\n            last_error = e\n            logger.warning(f"Attempt {attempt + 1} failed: {e}")\n            \n            if attempt &lt; max_retries:\n                logger.info(f"Retrying in {current_delay} seconds...")\n                time.sleep(current_delay)\n                current_delay *= backoff_factor\n            else:\n                logger.error(f"All {max_retries + 1} attempts failed")\n    \n    return handle_error(\n        last_error,\n        f"retry_on_error({func.__name__})",\n        error_code="MAX_RETRIES_EXCEEDED",\n        details={\'max_retries\': max_retries, \'attempts\': max_retries + 1}\n    )\n\n\n__all__ = [\n    \'CraftNudgeError\', \'GitRepositoryError\', \'DataStoreError\', \'ValidationError\',\n    \'ConfigurationError\', \'handle_error\', \'validate_required_fields\',\n    \'validate_field_type\', \'safe_execute\', \'retry_on_error\'\n]\n'</failure></testcase><testcase classname="final_coverage_test" name="test_init_files" time="0.002" /><testcase classname="final_coverage_test" name="test_project_structure" time="0.002" /><testcase classname="final_coverage_test" name="test_config_files" time="0.026" /><testcase classname="final_coverage_test" name="test_documentation_files" time="0.002" /><testcase classname="final_coverage_test" name="test_integration" time="0.002" /><testcase classname="final_coverage_test" name="test_error_handling_integration" time="0.002" /><testcase classname="final_coverage_test" name="test_file_permissions" time="0.022" /><testcase classname="final_coverage_test" name="test_code_quality" time="0.024" /><testcase classname="final_coverage_test" name="test_coverage_validation" time="0.003" /><testcase classname="tests.e2e.test_commit_tracking_e2e.TestCommitTrackingE2E" name="test_complete_commit_tracking_workflow" time="0.004" /><testcase classname="tests.e2e.test_commit_tracking_e2e.TestCommitTrackingE2E" name="test_data_persistence_across_sessions" time="0.002" /><testcase classname="tests.e2e.test_commit_tracking_e2e.TestCommitTrackingE2E" name="test_cli_git_integration" time="0.002" /><testcase classname="tests.e2e.test_commit_tracking_e2e.TestCommitTrackingE2E" name="test_error_recovery_and_resilience" time="0.002" /><testcase classname="tests.e2e.test_commit_tracking_e2e.TestCommitTrackingE2E" name="test_performance_with_large_repositories" time="0.002" /><testcase classname="tests.e2e.test_commit_tracking_e2e.TestCommitTrackingE2E" name="test_multi_user_scenarios" time="0.002" /><testcase classname="tests.e2e.test_commit_tracking_e2e.TestCommitTrackingE2E" name="test_data_migration_and_upgrades" time="0.002" /><testcase classname="tests.integration.test_cli_integration.TestCLIIntegration" name="test_cli_help_command" time="0.002" /><testcase classname="tests.integration.test_cli_integration.TestCLIIntegration" name="test_cli_latest_commit_command" time="0.002" /><testcase classname="tests.integration.test_cli_integration.TestCLIIntegration" name="test_cli_hash_commit_command" time="0.002" /><testcase classname="tests.integration.test_cli_integration.TestCLIIntegration" name="test_cli_repository_info_command" time="0.002" /><testcase classname="tests.integration.test_cli_integration.TestCLIIntegration" name="test_cli_list_commits_command" time="0.002" /><testcase classname="tests.integration.test_cli_integration.TestCLIIntegration" name="test_cli_search_commits_command" time="0.002" /><testcase classname="tests.integration.test_cli_integration.TestCLIIntegration" name="test_cli_output_formats" time="0.002" /><testcase classname="tests.integration.test_cli_integration.TestCLIIntegration" name="test_cli_error_handling" time="0.002" /><testcase classname="tests.integration.test_service_integration.TestServiceIntegration" name="test_commit_tracker_service_integration" time="0.002" /><testcase classname="tests.integration.test_service_integration.TestServiceIntegration" name="test_data_writer_service_integration" time="0.002" /><testcase classname="tests.integration.test_service_integration.TestServiceIntegration" name="test_shared_utilities_integration" time="0.002" /><testcase classname="tests.integration.test_service_integration.TestServiceIntegration" name="test_configuration_management_integration" time="0.002" /><testcase classname="tests.integration.test_service_integration.TestServiceIntegration" name="test_error_handling_across_services" time="0.002" /><testcase classname="tests.integration.test_service_integration.TestServiceIntegration" name="test_service_communication_patterns" time="0.002" /><testcase classname="tests.integration.test_service_integration.TestServiceIntegration" name="test_service_lifecycle_management" time="0.002" /><testcase classname="tests.unit.test_basic_usage.TestBasicUsage" name="test_main_successful_execution" time="0.004"><failure message="AssertionError: Expected 'setup_logger' to be called once. Called 0 times.">tests\unit\test_basic_usage.py:68: in test_main_successful_execution
    mock_setup_logger.assert_called_once_with(log_level="INFO")
C:\Python313\Lib\unittest\mock.py:990: in assert_called_once_with
    raise AssertionError(msg)
E   AssertionError: Expected 'setup_logger' to be called once. Called 0 times.</failure></testcase><testcase classname="tests.unit.test_basic_usage.TestBasicUsage" name="test_main_repository_info_error" time="0.003" /><testcase classname="tests.unit.test_basic_usage.TestBasicUsage" name="test_main_commit_tracking_error" time="0.003" /><testcase classname="tests.unit.test_basic_usage.TestBasicUsage" name="test_main_commit_with_many_files" time="0.003" /><testcase classname="tests.unit.test_basic_usage.TestBasicUsage" name="test_main_commit_with_few_files" time="0.004" /><testcase classname="tests.unit.test_basic_usage.TestBasicUsage" name="test_main_commit_with_no_files" time="0.003" /><testcase classname="tests.unit.test_basic_usage.TestBasicUsage" name="test_main_exception_handling" time="0.004"><failure message="AssertionError: Expected 'error' to have been called once. Called 0 times.">tests\unit\test_basic_usage.py:330: in test_main_exception_handling
    mock_logger.error.assert_called_once()
C:\Python313\Lib\unittest\mock.py:958: in assert_called_once
    raise AssertionError(msg)
E   AssertionError: Expected 'error' to have been called once. Called 0 times.</failure></testcase><testcase classname="tests.unit.test_basic_usage.TestBasicUsage" name="test_main_missing_repository_info_fields" time="0.003" /><testcase classname="tests.unit.test_basic_usage.TestBasicUsage" name="test_main_missing_commit_data_fields" time="0.004"><failure message="assert False&#10; +  where False = any(&lt;generator object TestBasicUsage.test_main_missing_commit_data_fields.&lt;locals&gt;.&lt;genexpr&gt; at 0x00000175C6F98FB0&gt;)">tests\unit\test_basic_usage.py:436: in test_main_missing_commit_data_fields
    assert any("  Author: N/A" in call for call in print_calls)
E   assert False
E    +  where False = any(&lt;generator object TestBasicUsage.test_main_missing_commit_data_fields.&lt;locals&gt;.&lt;genexpr&gt; at 0x00000175C6F98FB0&gt;)</failure></testcase><testcase classname="tests.unit.test_basic_usage.TestBasicUsageIntegration" name="test_complete_workflow_success" time="0.003"><failure message="AssertionError: Expected 'setup_logger' to be called once. Called 0 times.">tests\unit\test_basic_usage.py:494: in test_complete_workflow_success
    mock_setup_logger.assert_called_once_with(log_level="INFO")
C:\Python313\Lib\unittest\mock.py:990: in assert_called_once_with
    raise AssertionError(msg)
E   AssertionError: Expected 'setup_logger' to be called once. Called 0 times.</failure></testcase><testcase classname="tests.unit.test_basic_usage.TestBasicUsageIntegration" name="test_various_repository_configurations[/test/repo1-https://github.com/test/repo1.git-main-10]" time="0.004" /><testcase classname="tests.unit.test_basic_usage.TestBasicUsageIntegration" name="test_various_repository_configurations[/test/repo2-https://gitlab.com/test/repo2.git-develop-25]" time="0.003" /><testcase classname="tests.unit.test_basic_usage.TestBasicUsageIntegration" name="test_various_repository_configurations[/test/repo3-None-feature/new-feature-5]" time="0.003"><failure message="assert False&#10; +  where False = any(&lt;generator object TestBasicUsageIntegration.test_various_repository_configurations.&lt;locals&gt;.&lt;genexpr&gt; at 0x00000175C6E8A670&gt;)">tests\unit\test_basic_usage.py:567: in test_various_repository_configurations
    assert any("  Remote: N/A" in call for call in print_calls)
E   assert False
E    +  where False = any(&lt;generator object TestBasicUsageIntegration.test_various_repository_configurations.&lt;locals&gt;.&lt;genexpr&gt; at 0x00000175C6E8A670&gt;)</failure></testcase><testcase classname="tests.unit.test_basic_usage.TestBasicUsageIntegration" name="test_various_repository_configurations[/test/repo4-https://bitbucket.org/test/repo4.git-master-100]" time="0.003" /><testcase classname="tests.unit.test_basic_usage.TestBasicUsageEdgeCases" name="test_main_with_empty_strings" time="0.003" /><testcase classname="tests.unit.test_basic_usage.TestBasicUsageEdgeCases" name="test_main_with_none_values" time="0.003"><failure message="assert False&#10; +  where False = any(&lt;generator object TestBasicUsageEdgeCases.test_main_with_none_values.&lt;locals&gt;.&lt;genexpr&gt; at 0x00000175C6A2CE10&gt;)">tests\unit\test_basic_usage.py:678: in test_main_with_none_values
    assert any("  Path: N/A" in call for call in print_calls)
E   assert False
E    +  where False = any(&lt;generator object TestBasicUsageEdgeCases.test_main_with_none_values.&lt;locals&gt;.&lt;genexpr&gt; at 0x00000175C6A2CE10&gt;)</failure></testcase><testcase classname="tests.unit.test_cli_commands_init.TestCLICommandsInit" name="test_file_exists" time="0.002" /><testcase classname="tests.unit.test_cli_commands_init.TestCLICommandsInit" name="test_file_is_python_file" time="0.002" /><testcase classname="tests.unit.test_cli_commands_init.TestCLICommandsInit" name="test_file_is_readable" time="0.002" /><testcase classname="tests.unit.test_cli_commands_init.TestCLICommandsInit" name="test_file_has_content" time="0.002" /><testcase classname="tests.unit.test_cli_commands_init.TestCLICommandsInit" name="test_file_starts_with_docstring" time="0.002" /><testcase classname="tests.unit.test_cli_commands_init.TestCLICommandsInit" name="test_docstring_contains_cli_commands" time="0.004" /><testcase classname="tests.unit.test_cli_commands_init.TestCLICommandsInit" name="test_docstring_contains_behavior_tracker" time="0.002" /><testcase classname="tests.unit.test_cli_commands_init.TestCLICommandsInit" name="test_docstring_contains_git_commit_logger" time="0.002" /><testcase classname="tests.unit.test_cli_commands_init.TestCLICommandsInit" name="test_docstring_contains_user_story" time="0.002" /><testcase classname="tests.unit.test_cli_commands_init.TestCLICommandsInit" name="test_docstring_contains_cli_command" time="0.002"><failure message="assert 'cli command' in '&quot;&quot;&quot;\nCLI Commands - User Story 2.1.1: Behavior Tracker – Git Commit Logger\n\nThis package contains CLI command implementations.\n&quot;&quot;&quot;\n'">tests\unit\test_cli_commands_init.py:69: in test_docstring_contains_cli_command
    assert "cli command" in cli_commands_content
E   assert 'cli command' in '"""\nCLI Commands - User Story 2.1.1: Behavior Tracker – Git Commit Logger\n\nThis package contains CLI command implementations.\n"""\n'</failure></testcase><testcase classname="tests.unit.test_cli_commands_init.TestCLICommandsInit" name="test_docstring_contains_implementations" time="0.002" /><testcase classname="tests.unit.test_cli_commands_init.TestCLICommandsInit" name="test_docstring_formatting" time="0.002" /><testcase classname="tests.unit.test_cli_commands_init.TestCLICommandsInit" name="test_docstring_structure" time="0.002" /><testcase classname="tests.unit.test_cli_commands_init.TestCLICommandsInit" name="test_docstring_completeness" time="0.002" /><testcase classname="tests.unit.test_cli_commands_init.TestCLICommandsInit" name="test_docstring_quality" time="0.002" /><testcase classname="tests.unit.test_cli_commands_init.TestCLICommandsInit" name="test_docstring_accuracy" time="0.002" /><testcase classname="tests.unit.test_cli_commands_init.TestCLICommandsInit" name="test_docstring_consistency_with_project" time="0.002" /><testcase classname="tests.unit.test_cli_commands_init.TestCLICommandsInit" name="test_docstring_maintainability" time="0.002" /><testcase classname="tests.unit.test_cli_commands_init.TestCLICommandsInit" name="test_package_purpose_clarity" time="0.002" /><testcase classname="tests.unit.test_cli_commands_init.TestCLICommandsInit" name="test_docstring_brevity_and_clarity" time="0.002" /><testcase classname="tests.unit.test_cli_commands_init.TestCLICommandsInit" name="test_cli_commands_specific_terminology" time="0.002" /><testcase classname="tests.unit.test_cli_commands_init.TestCLICommandsInit" name="test_package_abbreviation_consistency" time="0.002"><failure message="assert 'cli command' in '&quot;&quot;&quot;\nCLI Commands - User Story 2.1.1: Behavior Tracker – Git Commit Logger\n\nThis package contains CLI command implementations.\n&quot;&quot;&quot;\n'">tests\unit\test_cli_commands_init.py:144: in test_package_abbreviation_consistency
    assert "cli command" in cli_commands_content
E   assert 'cli command' in '"""\nCLI Commands - User Story 2.1.1: Behavior Tracker – Git Commit Logger\n\nThis package contains CLI command implementations.\n"""\n'</failure></testcase><testcase classname="tests.unit.test_cli_commands_init.TestCLICommandsInit" name="test_commands_specific_content" time="0.002" /><testcase classname="tests.unit.test_cli_commands_init.TestCLICommandsInit" name="test_package_hierarchy_consistency" time="0.002" /><testcase classname="tests.unit.test_cli_commands_init.TestCLICommandsInit" name="test_file_encoding" time="0.002" /><testcase classname="tests.unit.test_cli_commands_init.TestCLICommandsInit" name="test_file_line_count" time="0.002" /><testcase classname="tests.unit.test_cli_commands_init.TestCLICommandsInit" name="test_file_content_structure" time="0.002" /><testcase classname="tests.unit.test_cli_commands_init.TestCLICommandsInit" name="test_docstring_educational_value" time="0.002" /><testcase classname="tests.unit.test_cli_commands_init.TestCLICommandsInit" name="test_docstring_technical_accuracy" time="0.002" /><testcase classname="tests.unit.test_cli_commands_init.TestCLICommandsInit" name="test_file_naming_convention" time="0.001" /><testcase classname="tests.unit.test_cli_commands_init.TestCLICommandsInit" name="test_docstring_readability" time="0.002" /><testcase classname="tests.unit.test_cli_commands_init.TestCLICommandsInit" name="test_package_documentation_standards" time="0.002" /><testcase classname="tests.unit.test_cli_commands_init.TestCLICommandsInit" name="test_file_permissions" time="0.002" /><testcase classname="tests.unit.test_cli_commands_init.TestCLICommandsInit" name="test_file_size" time="0.001" /><testcase classname="tests.unit.test_cli_commands_init.TestCLICommandsInit" name="test_file_path_structure" time="0.002" /><testcase classname="tests.unit.test_cli_commands_init.TestCLICommandsInit" name="test_docstring_content_validation" time="0.002"><failure message="AssertionError: Missing required element: cli command&#10;assert 'cli command' in '&quot;&quot;&quot;\nCLI Commands - User Story 2.1.1: Behavior Tracker – Git Commit Logger\n\nThis package contains CLI command implementations.\n&quot;&quot;&quot;\n'">tests\unit\test_cli_commands_init.py:240: in test_docstring_content_validation
    assert element in cli_commands_content, f"Missing required element: {element}"
E   AssertionError: Missing required element: cli command
E   assert 'cli command' in '"""\nCLI Commands - User Story 2.1.1: Behavior Tracker – Git Commit Logger\n\nThis package contains CLI command implementations.\n"""\n'</failure></testcase><testcase classname="tests.unit.test_cli_commands_init.TestCLICommandsInit" name="test_docstring_format_validation" time="0.002" /><testcase classname="tests.unit.test_cli_commands_init.TestCLICommandsInit" name="test_package_metadata_validation" time="0.002" /><testcase classname="tests.unit.test_cli_commands_init.TestCLICommandsInit" name="test_cli_specific_validation" time="0.002" /><testcase classname="tests.unit.test_cli_commands_init.TestCLICommandsInit" name="test_documentation_quality_validation" time="0.002" /><testcase classname="tests.unit.test_cli_helpers.TestFormatCommitMessage" name="test_format_commit_message_short" time="0.001" /><testcase classname="tests.unit.test_cli_helpers.TestFormatCommitMessage" name="test_format_commit_message_long" time="0.001" /><testcase classname="tests.unit.test_cli_helpers.TestFormatCommitMessage" name="test_format_commit_message_multiline" time="0.001" /><testcase classname="tests.unit.test_cli_helpers.TestFormatCommitMessage" name="test_format_commit_message_empty" time="0.001" /><testcase classname="tests.unit.test_cli_helpers.TestFormatCommitMessage" name="test_format_commit_message_different_lengths[10]" time="0.001" /><testcase classname="tests.unit.test_cli_helpers.TestFormatCommitMessage" name="test_format_commit_message_different_lengths[50]" time="0.001" /><testcase classname="tests.unit.test_cli_helpers.TestFormatCommitMessage" name="test_format_commit_message_different_lengths[100]" time="0.002" /><testcase classname="tests.unit.test_cli_helpers.TestFormatCommitMessage" name="test_format_commit_message_different_lengths[200]" time="0.001" /><testcase classname="tests.unit.test_cli_helpers.TestValidateRepositoryPath" name="test_validate_repository_path_valid" time="0.001" /><testcase classname="tests.unit.test_cli_helpers.TestValidateRepositoryPath" name="test_validate_repository_path_invalid" time="0.001" /><testcase classname="tests.unit.test_cli_helpers.TestValidateRepositoryPath" name="test_validate_repository_path_relative" time="0.001" /><testcase classname="tests.unit.test_cli_helpers.TestValidateRepositoryPath" name="test_validate_repository_path_empty" time="0.001" /><testcase classname="tests.unit.test_cli_helpers.TestValidateRepositoryPath" name="test_validate_repository_path_various_formats[/absolute/path]" time="0.002" /><testcase classname="tests.unit.test_cli_helpers.TestValidateRepositoryPath" name="test_validate_repository_path_various_formats[./relative/path]" time="0.001" /><testcase classname="tests.unit.test_cli_helpers.TestValidateRepositoryPath" name="test_validate_repository_path_various_formats[../parent/path]" time="0.001" /><testcase classname="tests.unit.test_cli_helpers.TestValidateRepositoryPath" name="test_validate_repository_path_various_formats[~/home/path]" time="0.001" /><testcase classname="tests.unit.test_cli_helpers.TestValidateRepositoryPath" name="test_validate_repository_path_various_formats[C:\\Windows\\path]" time="0.001" /><testcase classname="tests.unit.test_cli_helpers.TestGetRepositoryStatus" name="test_get_repository_status_valid_repo" time="0.001" /><testcase classname="tests.unit.test_cli_helpers.TestGetRepositoryStatus" name="test_get_repository_status_invalid_repo" time="0.001" /><testcase classname="tests.unit.test_cli_helpers.TestGetRepositoryStatus" name="test_get_repository_status_empty_path" time="0.001" /><testcase classname="tests.unit.test_cli_helpers.TestFormatTimestamp" name="test_format_timestamp_various_formats[2023-01-01T12:00:00+00:00]" time="0.002" /><testcase classname="tests.unit.test_cli_helpers.TestFormatTimestamp" name="test_format_timestamp_various_formats[2023-01-01T12:00:00Z]" time="0.001" /><testcase classname="tests.unit.test_cli_helpers.TestFormatTimestamp" name="test_format_timestamp_various_formats[2023-01-01T12:00:00-05:00]" time="0.001" /><testcase classname="tests.unit.test_cli_helpers.TestFormatTimestamp" name="test_format_timestamp_various_formats[2023-01-01T12:00:00.123456+00:00]" time="0.002" /><testcase classname="tests.unit.test_cli_helpers.TestFormatTimestamp" name="test_format_timestamp_invalid_format" time="0.001" /><testcase classname="tests.unit.test_cli_helpers.TestFormatTimestamp" name="test_format_timestamp_empty" time="0.001" /><testcase classname="tests.unit.test_cli_helpers.TestCalculateCommitStats" name="test_calculate_commit_stats_empty_list" time="0.001" /><testcase classname="tests.unit.test_cli_helpers.TestCalculateCommitStats" name="test_calculate_commit_stats_single_commit" time="0.001" /><testcase classname="tests.unit.test_cli_helpers.TestCalculateCommitStats" name="test_calculate_commit_stats_multiple_commits" time="0.002" /><testcase classname="tests.unit.test_cli_helpers.TestCalculateCommitStats" name="test_calculate_commit_stats_missing_fields" time="0.001" /><testcase classname="tests.unit.test_cli_helpers.TestExportCommitsToFormat" name="test_export_commits_to_format_csv" time="0.001" /><testcase classname="tests.unit.test_cli_helpers.TestExportCommitsToFormat" name="test_export_commits_to_format_json" time="0.001" /><testcase classname="tests.unit.test_cli_helpers.TestExportCommitsToFormat" name="test_export_commits_to_format_xml" time="0.001" /><testcase classname="tests.unit.test_cli_helpers.TestExportCommitsToFormat" name="test_export_commits_to_format_invalid_format" time="0.001" /><testcase classname="tests.unit.test_cli_helpers.TestExportCommitsToFormat" name="test_export_commits_to_format_empty_list" time="0.001" /><testcase classname="tests.unit.test_cli_helpers.TestExportCommitsToFormat" name="test_export_commits_to_format_various_formats[csv]" time="0.001" /><testcase classname="tests.unit.test_cli_helpers.TestExportCommitsToFormat" name="test_export_commits_to_format_various_formats[json]" time="0.001" /><testcase classname="tests.unit.test_cli_helpers.TestExportCommitsToFormat" name="test_export_commits_to_format_various_formats[xml]" time="0.001" /><testcase classname="tests.unit.test_cli_helpers.TestExportCommitsToFormat" name="test_export_commits_to_format_various_formats[yaml]" time="0.001" /><testcase classname="tests.unit.test_cli_helpers.TestExportCommitsToFormat" name="test_export_commits_to_format_various_formats[html]" time="0.001" /><testcase classname="tests.unit.test_cli_helpers.TestInteractiveCommitSelection" name="test_interactive_commit_selection_single_commit" time="0.001" /><testcase classname="tests.unit.test_cli_helpers.TestInteractiveCommitSelection" name="test_interactive_commit_selection_multiple_commits" time="0.001" /><testcase classname="tests.unit.test_cli_helpers.TestInteractiveCommitSelection" name="test_interactive_commit_selection_empty_list" time="0.001" /><testcase classname="tests.unit.test_cli_helpers.TestSetupLoggingForCLI" name="test_setup_logging_for_cli_default" time="0.001" /><testcase classname="tests.unit.test_cli_helpers.TestSetupLoggingForCLI" name="test_setup_logging_for_cli_with_log_file" time="0.001" /><testcase classname="tests.unit.test_cli_helpers.TestSetupLoggingForCLI" name="test_setup_logging_for_cli_different_levels" time="0.002" /><testcase classname="tests.unit.test_cli_helpers.TestSetupLoggingForCLI" name="test_setup_logging_for_cli_none_log_file" time="0.001" /><testcase classname="tests.unit.test_cli_helpers.TestDisplayProgressBar" name="test_display_progress_bar_start" time="0.001" /><testcase classname="tests.unit.test_cli_helpers.TestDisplayProgressBar" name="test_display_progress_bar_middle" time="0.001" /><testcase classname="tests.unit.test_cli_helpers.TestDisplayProgressBar" name="test_display_progress_bar_complete" time="0.001" /><testcase classname="tests.unit.test_cli_helpers.TestDisplayProgressBar" name="test_display_progress_bar_zero_total" time="0.001" /><testcase classname="tests.unit.test_cli_helpers.TestDisplayProgressBar" name="test_display_progress_bar_large_numbers" time="0.002" /><testcase classname="tests.unit.test_cli_helpers.TestDisplayProgressBar" name="test_display_progress_bar_empty_description" time="0.001" /><testcase classname="tests.unit.test_cli_helpers.TestDisplayProgressBar" name="test_display_progress_bar_various_progress[0-100]" time="0.002" /><testcase classname="tests.unit.test_cli_helpers.TestDisplayProgressBar" name="test_display_progress_bar_various_progress[25-100]" time="0.001" /><testcase classname="tests.unit.test_cli_helpers.TestDisplayProgressBar" name="test_display_progress_bar_various_progress[50-100]" time="0.001" /><testcase classname="tests.unit.test_cli_helpers.TestDisplayProgressBar" name="test_display_progress_bar_various_progress[75-100]" time="0.001" /><testcase classname="tests.unit.test_cli_helpers.TestDisplayProgressBar" name="test_display_progress_bar_various_progress[100-100]" time="0.002" /><testcase classname="tests.unit.test_cli_helpers.TestDisplayProgressBar" name="test_display_progress_bar_various_progress[0-0]" time="0.002" /><testcase classname="tests.unit.test_cli_helpers.TestDisplayProgressBar" name="test_display_progress_bar_various_progress[1000-10000]" time="0.002" /><testcase classname="tests.unit.test_cli_helpers.TestConfirmAction" name="test_confirm_action_default_true" time="0.001" /><testcase classname="tests.unit.test_cli_helpers.TestConfirmAction" name="test_confirm_action_default_false" time="0.001" /><testcase classname="tests.unit.test_cli_helpers.TestConfirmAction" name="test_confirm_action_empty_message" time="0.002" /><testcase classname="tests.unit.test_cli_helpers.TestConfirmAction" name="test_confirm_action_long_message" time="0.001" /><testcase classname="tests.unit.test_cli_helpers.TestGetUserInput" name="test_get_user_input_with_default" time="0.001" /><testcase classname="tests.unit.test_cli_helpers.TestGetUserInput" name="test_get_user_input_required" time="0.001" /><testcase classname="tests.unit.test_cli_helpers.TestGetUserInput" name="test_get_user_input_not_required" time="0.001" /><testcase classname="tests.unit.test_cli_helpers.TestGetUserInput" name="test_get_user_input_empty_default" time="0.001" /><testcase classname="tests.unit.test_cli_helpers.TestGetUserInput" name="test_get_user_input_empty_prompt" time="0.002" /><testcase classname="tests.unit.test_cli_helpers.TestGetUserInput" name="test_get_user_input_various_combinations[Enter name:-John Doe-True]" time="0.002" /><testcase classname="tests.unit.test_cli_helpers.TestGetUserInput" name="test_get_user_input_various_combinations[Enter email:--False]" time="0.002" /><testcase classname="tests.unit.test_cli_helpers.TestGetUserInput" name="test_get_user_input_various_combinations[Enter age:-25-True]" time="0.002" /><testcase classname="tests.unit.test_cli_helpers.TestGetUserInput" name="test_get_user_input_various_combinations[Enter description:-No description-False]" time="0.002" /><testcase classname="tests.unit.test_cli_helpers.TestCLIHelpersIntegration" name="test_cli_helpers_workflow" time="0.002" /><testcase classname="tests.unit.test_cli_helpers.TestCLIHelpersEdgeCases" name="test_format_commit_message_edge_cases" time="0.001" /><testcase classname="tests.unit.test_cli_helpers.TestCLIHelpersEdgeCases" name="test_validate_repository_path_edge_cases" time="0.001" /><testcase classname="tests.unit.test_cli_helpers.TestCLIHelpersEdgeCases" name="test_format_timestamp_edge_cases" time="0.001" /><testcase classname="tests.unit.test_cli_helpers.TestCLIHelpersEdgeCases" name="test_calculate_commit_stats_edge_cases" time="0.001" /><testcase classname="tests.unit.test_cli_helpers.TestCLIHelpersEdgeCases" name="test_export_commits_to_format_edge_cases" time="0.001" /><testcase classname="tests.unit.test_cli_init.TestCLIInit" name="test_package_docstring" time="0.003" /><testcase classname="tests.unit.test_cli_init.TestCLIInit" name="test_docstring_formatting" time="0.002"><failure message="assert False&#10; +  where False = &lt;built-in method startswith of str object at 0x00000175C6FF93E0&gt;('&quot;&quot;&quot;')&#10; +    where &lt;built-in method startswith of str object at 0x00000175C6FF93E0&gt; = 'CLI Interface - User Story 2.1.1: Behavior Tracker – Git Commit Logger\n\nThis package contains the command-line interface components.'.startswith&#10; +      where 'CLI Interface - User Story 2.1.1: Behavior Tracker – Git Commit Logger\n\nThis package contains the command-line interface components.' = &lt;built-in method strip of str object at 0x00000175C6FF9680&gt;()&#10; +        where &lt;built-in method strip of str object at 0x00000175C6FF9680&gt; = '\nCLI Interface - User Story 2.1.1: Behavior Tracker – Git Commit Logger\n\nThis package contains the command-line interface components.\n'.strip">tests\unit\test_cli_init.py:48: in test_docstring_formatting
    assert docstring.strip().startswith('"""')
E   assert False
E    +  where False = &lt;built-in method startswith of str object at 0x00000175C6FF93E0&gt;('"""')
E    +    where &lt;built-in method startswith of str object at 0x00000175C6FF93E0&gt; = 'CLI Interface - User Story 2.1.1: Behavior Tracker – Git Commit Logger\n\nThis package contains the command-line interface components.'.startswith
E    +      where 'CLI Interface - User Story 2.1.1: Behavior Tracker – Git Commit Logger\n\nThis package contains the command-line interface components.' = &lt;built-in method strip of str object at 0x00000175C6FF9680&gt;()
E    +        where &lt;built-in method strip of str object at 0x00000175C6FF9680&gt; = '\nCLI Interface - User Story 2.1.1: Behavior Tracker – Git Commit Logger\n\nThis package contains the command-line interface components.\n'.strip</failure></testcase><testcase classname="tests.unit.test_cli_init.TestCLIInit" name="test_package_structure" time="0.002" /><testcase classname="tests.unit.test_cli_init.TestCLIInit" name="test_import_performance" time="0.002" /><testcase classname="tests.unit.test_cli_init.TestCLIInit" name="test_multiple_imports_behavior" time="0.002" /><testcase classname="tests.unit.test_cli_init.TestCLIInit" name="test_package_initialization_completeness" time="0.002" /><testcase classname="tests.unit.test_cli_init.TestCLIInit" name="test_docstring_content_accuracy" time="0.002" /><testcase classname="tests.unit.test_cli_init.TestCLIInit" name="test_package_metadata_consistency" time="0.002" /><testcase classname="tests.unit.test_cli_init.TestCLIInit" name="test_module_attributes_existence" time="0.002" /><testcase classname="tests.unit.test_cli_init.TestCLIInit" name="test_package_import_path" time="0.002" /><testcase classname="tests.unit.test_cli_init.TestCLIInit" name="test_docstring_structure" time="0.002" /><testcase classname="tests.unit.test_cli_init.TestCLIInit" name="test_package_initialization_robustness" time="0.002" /><testcase classname="tests.unit.test_cli_init.TestCLIInit" name="test_docstring_completeness" time="0.003" /><testcase classname="tests.unit.test_cli_init.TestCLIInit" name="test_package_import_consistency" time="0.002" /><testcase classname="tests.unit.test_cli_init.TestCLIInit" name="test_docstring_quality" time="0.002"><failure message="assert False&#10; +  where False = &lt;built-in method startswith of str object at 0x00000175C6FFA790&gt;('&quot;&quot;&quot;')&#10; +    where &lt;built-in method startswith of str object at 0x00000175C6FFA790&gt; = 'CLI Interface - User Story 2.1.1: Behavior Tracker – Git Commit Logger\n\nThis package contains the command-line interface components.'.startswith&#10; +      where 'CLI Interface - User Story 2.1.1: Behavior Tracker – Git Commit Logger\n\nThis package contains the command-line interface components.' = &lt;built-in method strip of str object at 0x00000175C6FF8420&gt;()&#10; +        where &lt;built-in method strip of str object at 0x00000175C6FF8420&gt; = '\nCLI Interface - User Story 2.1.1: Behavior Tracker – Git Commit Logger\n\nThis package contains the command-line interface components.\n'.strip">tests\unit\test_cli_init.py:203: in test_docstring_quality
    assert docstring.strip().startswith('"""')
E   assert False
E    +  where False = &lt;built-in method startswith of str object at 0x00000175C6FFA790&gt;('"""')
E    +    where &lt;built-in method startswith of str object at 0x00000175C6FFA790&gt; = 'CLI Interface - User Story 2.1.1: Behavior Tracker – Git Commit Logger\n\nThis package contains the command-line interface components.'.startswith
E    +      where 'CLI Interface - User Story 2.1.1: Behavior Tracker – Git Commit Logger\n\nThis package contains the command-line interface components.' = &lt;built-in method strip of str object at 0x00000175C6FF8420&gt;()
E    +        where &lt;built-in method strip of str object at 0x00000175C6FF8420&gt; = '\nCLI Interface - User Story 2.1.1: Behavior Tracker – Git Commit Logger\n\nThis package contains the command-line interface components.\n'.strip</failure></testcase><testcase classname="tests.unit.test_cli_init.TestCLIInit" name="test_package_naming_convention" time="0.002" /><testcase classname="tests.unit.test_cli_init.TestCLIInit" name="test_docstring_accuracy" time="0.002" /><testcase classname="tests.unit.test_cli_init.TestCLIInit" name="test_package_initialization_cleanliness" time="0.002" /><testcase classname="tests.unit.test_cli_init.TestCLIInit" name="test_docstring_consistency_with_project" time="0.002" /><testcase classname="tests.unit.test_cli_init.TestCLIInit" name="test_package_import_reliability" time="0.002" /><testcase classname="tests.unit.test_cli_init.TestCLIInit" name="test_docstring_maintainability" time="0.002" /><testcase classname="tests.unit.test_cli_init.TestCLIInit" name="test_package_purpose_clarity" time="0.002" /><testcase classname="tests.unit.test_cli_init.TestCLIInit" name="test_docstring_brevity_and_clarity" time="0.002" /><testcase classname="tests.unit.test_cli_init.TestCLIInit" name="test_package_import_simplicity" time="0.002" /><testcase classname="tests.unit.test_cli_init.TestCLIInit" name="test_docstring_consistency_across_imports" time="0.002" /><testcase classname="tests.unit.test_cli_init.TestCLIInit" name="test_cli_specific_terminology" time="0.002" /><testcase classname="tests.unit.test_cli_init.TestCLIInit" name="test_package_abbreviation_consistency" time="0.002" /><testcase classname="tests.unit.test_cli_utils_init.TestCLIUtilsInit" name="test_package_version" time="0.004" /><testcase classname="tests.unit.test_cli_utils_init.TestCLIUtilsInit" name="test_package_docstring" time="0.004" /><testcase classname="tests.unit.test_cli_utils_init.TestCLIUtilsInit" name="test_all_list_definition" time="0.004" /><testcase classname="tests.unit.test_cli_utils_init.TestCLIUtilsInit" name="test_format_commit_message_import" time="0.004"><failure message="AssertionError: assert &lt;function format_commit_message at 0x00000175C6A9F560&gt; == &lt;MagicMock name='format_commit_message' id='1605361444112'&gt;&#10; +  where &lt;function format_commit_message at 0x00000175C6A9F560&gt; = &lt;module 'cli.utils' from 'C:\\Projects\\Pratice_Microservice\\craftnudge-ai-agent\\cli\\utils\\__init__.py'&gt;.format_commit_message">tests\unit\test_cli_utils_init.py:116: in test_format_commit_message_import
    assert cli_utils_package.format_commit_message == mock_format_commit
E   AssertionError: assert &lt;function format_commit_message at 0x00000175C6A9F560&gt; == &lt;MagicMock name='format_commit_message' id='1605361444112'&gt;
E    +  where &lt;function format_commit_message at 0x00000175C6A9F560&gt; = &lt;module 'cli.utils' from 'C:\\Projects\\Pratice_Microservice\\craftnudge-ai-agent\\cli\\utils\\__init__.py'&gt;.format_commit_message</failure></testcase><testcase classname="tests.unit.test_cli_utils_init.TestCLIUtilsInit" name="test_validate_repository_path_import" time="0.005"><failure message="AssertionError: assert &lt;function validate_repository_path at 0x00000175C6A9F6A0&gt; == &lt;MagicMock name='validate_repository_path' id='1605361437728'&gt;&#10; +  where &lt;function validate_repository_path at 0x00000175C6A9F6A0&gt; = &lt;module 'cli.utils' from 'C:\\Projects\\Pratice_Microservice\\craftnudge-ai-agent\\cli\\utils\\__init__.py'&gt;.validate_repository_path">tests\unit\test_cli_utils_init.py:134: in test_validate_repository_path_import
    assert cli_utils_package.validate_repository_path == mock_validate_path
E   AssertionError: assert &lt;function validate_repository_path at 0x00000175C6A9F6A0&gt; == &lt;MagicMock name='validate_repository_path' id='1605361437728'&gt;
E    +  where &lt;function validate_repository_path at 0x00000175C6A9F6A0&gt; = &lt;module 'cli.utils' from 'C:\\Projects\\Pratice_Microservice\\craftnudge-ai-agent\\cli\\utils\\__init__.py'&gt;.validate_repository_path</failure></testcase><testcase classname="tests.unit.test_cli_utils_init.TestCLIUtilsInit" name="test_get_repository_status_import" time="0.004"><failure message="AssertionError: assert &lt;function get_repository_status at 0x00000175C6A9F600&gt; == &lt;MagicMock name='get_repository_status' id='1605359522144'&gt;&#10; +  where &lt;function get_repository_status at 0x00000175C6A9F600&gt; = &lt;module 'cli.utils' from 'C:\\Projects\\Pratice_Microservice\\craftnudge-ai-agent\\cli\\utils\\__init__.py'&gt;.get_repository_status">tests\unit\test_cli_utils_init.py:152: in test_get_repository_status_import
    assert cli_utils_package.get_repository_status == mock_get_status
E   AssertionError: assert &lt;function get_repository_status at 0x00000175C6A9F600&gt; == &lt;MagicMock name='get_repository_status' id='1605359522144'&gt;
E    +  where &lt;function get_repository_status at 0x00000175C6A9F600&gt; = &lt;module 'cli.utils' from 'C:\\Projects\\Pratice_Microservice\\craftnudge-ai-agent\\cli\\utils\\__init__.py'&gt;.get_repository_status</failure></testcase><testcase classname="tests.unit.test_cli_utils_init.TestCLIUtilsInit" name="test_format_timestamp_import" time="0.005"><failure message="AssertionError: assert &lt;function format_timestamp at 0x00000175C6A9F740&gt; == &lt;MagicMock name='format_timestamp' id='1605361447808'&gt;&#10; +  where &lt;function format_timestamp at 0x00000175C6A9F740&gt; = &lt;module 'cli.utils' from 'C:\\Projects\\Pratice_Microservice\\craftnudge-ai-agent\\cli\\utils\\__init__.py'&gt;.format_timestamp">tests\unit\test_cli_utils_init.py:170: in test_format_timestamp_import
    assert cli_utils_package.format_timestamp == mock_format_timestamp
E   AssertionError: assert &lt;function format_timestamp at 0x00000175C6A9F740&gt; == &lt;MagicMock name='format_timestamp' id='1605361447808'&gt;
E    +  where &lt;function format_timestamp at 0x00000175C6A9F740&gt; = &lt;module 'cli.utils' from 'C:\\Projects\\Pratice_Microservice\\craftnudge-ai-agent\\cli\\utils\\__init__.py'&gt;.format_timestamp</failure></testcase><testcase classname="tests.unit.test_cli_utils_init.TestCLIUtilsInit" name="test_calculate_commit_stats_import" time="0.005"><failure message="AssertionError: assert &lt;function calculate_commit_stats at 0x00000175C6A9F7E0&gt; == &lt;MagicMock name='calculate_commit_stats' id='1605361128784'&gt;&#10; +  where &lt;function calculate_commit_stats at 0x00000175C6A9F7E0&gt; = &lt;module 'cli.utils' from 'C:\\Projects\\Pratice_Microservice\\craftnudge-ai-agent\\cli\\utils\\__init__.py'&gt;.calculate_commit_stats">tests\unit\test_cli_utils_init.py:188: in test_calculate_commit_stats_import
    assert cli_utils_package.calculate_commit_stats == mock_calculate_stats
E   AssertionError: assert &lt;function calculate_commit_stats at 0x00000175C6A9F7E0&gt; == &lt;MagicMock name='calculate_commit_stats' id='1605361128784'&gt;
E    +  where &lt;function calculate_commit_stats at 0x00000175C6A9F7E0&gt; = &lt;module 'cli.utils' from 'C:\\Projects\\Pratice_Microservice\\craftnudge-ai-agent\\cli\\utils\\__init__.py'&gt;.calculate_commit_stats</failure></testcase><testcase classname="tests.unit.test_cli_utils_init.TestCLIUtilsInit" name="test_export_commits_to_format_import" time="0.005"><failure message="AssertionError: assert &lt;function export_commits_to_format at 0x00000175C6A9F880&gt; == &lt;MagicMock name='export_commits_to_format' id='1605361132480'&gt;&#10; +  where &lt;function export_commits_to_format at 0x00000175C6A9F880&gt; = &lt;module 'cli.utils' from 'C:\\Projects\\Pratice_Microservice\\craftnudge-ai-agent\\cli\\utils\\__init__.py'&gt;.export_commits_to_format">tests\unit\test_cli_utils_init.py:206: in test_export_commits_to_format_import
    assert cli_utils_package.export_commits_to_format == mock_export_commits
E   AssertionError: assert &lt;function export_commits_to_format at 0x00000175C6A9F880&gt; == &lt;MagicMock name='export_commits_to_format' id='1605361132480'&gt;
E    +  where &lt;function export_commits_to_format at 0x00000175C6A9F880&gt; = &lt;module 'cli.utils' from 'C:\\Projects\\Pratice_Microservice\\craftnudge-ai-agent\\cli\\utils\\__init__.py'&gt;.export_commits_to_format</failure></testcase><testcase classname="tests.unit.test_cli_utils_init.TestCLIUtilsInit" name="test_interactive_commit_selection_import" time="0.005"><failure message="AssertionError: assert &lt;function interactive_commit_selection at 0x00000175C6A9F920&gt; == &lt;MagicMock name='interactive_commit_selection' id='1605361125424'&gt;&#10; +  where &lt;function interactive_commit_selection at 0x00000175C6A9F920&gt; = &lt;module 'cli.utils' from 'C:\\Projects\\Pratice_Microservice\\craftnudge-ai-agent\\cli\\utils\\__init__.py'&gt;.interactive_commit_selection">tests\unit\test_cli_utils_init.py:224: in test_interactive_commit_selection_import
    assert cli_utils_package.interactive_commit_selection == mock_interactive
E   AssertionError: assert &lt;function interactive_commit_selection at 0x00000175C6A9F920&gt; == &lt;MagicMock name='interactive_commit_selection' id='1605361125424'&gt;
E    +  where &lt;function interactive_commit_selection at 0x00000175C6A9F920&gt; = &lt;module 'cli.utils' from 'C:\\Projects\\Pratice_Microservice\\craftnudge-ai-agent\\cli\\utils\\__init__.py'&gt;.interactive_commit_selection</failure></testcase><testcase classname="tests.unit.test_cli_utils_init.TestCLIUtilsInit" name="test_setup_logging_for_cli_import" time="0.005"><failure message="AssertionError: assert &lt;function setup_logging_for_cli at 0x00000175C6A9F9C0&gt; == &lt;MagicMock name='setup_logging_for_cli' id='1605361440416'&gt;&#10; +  where &lt;function setup_logging_for_cli at 0x00000175C6A9F9C0&gt; = &lt;module 'cli.utils' from 'C:\\Projects\\Pratice_Microservice\\craftnudge-ai-agent\\cli\\utils\\__init__.py'&gt;.setup_logging_for_cli">tests\unit\test_cli_utils_init.py:242: in test_setup_logging_for_cli_import
    assert cli_utils_package.setup_logging_for_cli == mock_setup_logging
E   AssertionError: assert &lt;function setup_logging_for_cli at 0x00000175C6A9F9C0&gt; == &lt;MagicMock name='setup_logging_for_cli' id='1605361440416'&gt;
E    +  where &lt;function setup_logging_for_cli at 0x00000175C6A9F9C0&gt; = &lt;module 'cli.utils' from 'C:\\Projects\\Pratice_Microservice\\craftnudge-ai-agent\\cli\\utils\\__init__.py'&gt;.setup_logging_for_cli</failure></testcase><testcase classname="tests.unit.test_cli_utils_init.TestCLIUtilsInit" name="test_display_progress_bar_import" time="0.004"><failure message="AssertionError: assert &lt;function display_progress_bar at 0x00000175C6A9FA60&gt; == &lt;MagicMock name='display_progress_bar' id='1605361442432'&gt;&#10; +  where &lt;function display_progress_bar at 0x00000175C6A9FA60&gt; = &lt;module 'cli.utils' from 'C:\\Projects\\Pratice_Microservice\\craftnudge-ai-agent\\cli\\utils\\__init__.py'&gt;.display_progress_bar">tests\unit\test_cli_utils_init.py:260: in test_display_progress_bar_import
    assert cli_utils_package.display_progress_bar == mock_progress_bar
E   AssertionError: assert &lt;function display_progress_bar at 0x00000175C6A9FA60&gt; == &lt;MagicMock name='display_progress_bar' id='1605361442432'&gt;
E    +  where &lt;function display_progress_bar at 0x00000175C6A9FA60&gt; = &lt;module 'cli.utils' from 'C:\\Projects\\Pratice_Microservice\\craftnudge-ai-agent\\cli\\utils\\__init__.py'&gt;.display_progress_bar</failure></testcase><testcase classname="tests.unit.test_cli_utils_init.TestCLIUtilsInit" name="test_confirm_action_import" time="0.005"><failure message="AssertionError: assert &lt;function confirm_action at 0x00000175C6A9FB00&gt; == &lt;MagicMock name='confirm_action' id='1605361446800'&gt;&#10; +  where &lt;function confirm_action at 0x00000175C6A9FB00&gt; = &lt;module 'cli.utils' from 'C:\\Projects\\Pratice_Microservice\\craftnudge-ai-agent\\cli\\utils\\__init__.py'&gt;.confirm_action">tests\unit\test_cli_utils_init.py:278: in test_confirm_action_import
    assert cli_utils_package.confirm_action == mock_confirm
E   AssertionError: assert &lt;function confirm_action at 0x00000175C6A9FB00&gt; == &lt;MagicMock name='confirm_action' id='1605361446800'&gt;
E    +  where &lt;function confirm_action at 0x00000175C6A9FB00&gt; = &lt;module 'cli.utils' from 'C:\\Projects\\Pratice_Microservice\\craftnudge-ai-agent\\cli\\utils\\__init__.py'&gt;.confirm_action</failure></testcase><testcase classname="tests.unit.test_cli_utils_init.TestCLIUtilsInit" name="test_get_user_input_import" time="0.005"><failure message="AssertionError: assert &lt;function get_user_input at 0x00000175C6A9FBA0&gt; == &lt;MagicMock name='get_user_input' id='1605361443776'&gt;&#10; +  where &lt;function get_user_input at 0x00000175C6A9FBA0&gt; = &lt;module 'cli.utils' from 'C:\\Projects\\Pratice_Microservice\\craftnudge-ai-agent\\cli\\utils\\__init__.py'&gt;.get_user_input">tests\unit\test_cli_utils_init.py:296: in test_get_user_input_import
    assert cli_utils_package.get_user_input == mock_get_input
E   AssertionError: assert &lt;function get_user_input at 0x00000175C6A9FBA0&gt; == &lt;MagicMock name='get_user_input' id='1605361443776'&gt;
E    +  where &lt;function get_user_input at 0x00000175C6A9FBA0&gt; = &lt;module 'cli.utils' from 'C:\\Projects\\Pratice_Microservice\\craftnudge-ai-agent\\cli\\utils\\__init__.py'&gt;.get_user_input</failure></testcase><testcase classname="tests.unit.test_cli_utils_init.TestCLIUtilsInit" name="test_import_error_handling_cli_helpers" time="0.003"><failure message="Failed: DID NOT RAISE &lt;class 'ImportError'&gt;">tests\unit\test_cli_utils_init.py:302: in test_import_error_handling_cli_helpers
    with pytest.raises(ImportError):
         ^^^^^^^^^^^^^^^^^^^^^^^^^^
E   Failed: DID NOT RAISE &lt;class 'ImportError'&gt;</failure></testcase><testcase classname="tests.unit.test_cli_utils_init.TestCLIUtilsInit" name="test_all_imports_available" time="0.004" /><testcase classname="tests.unit.test_cli_utils_init.TestCLIUtilsInit" name="test_import_statement_order" time="0.005"><failure message="assert False&#10; +  where False = any(&lt;generator object TestCLIUtilsInit.test_import_statement_order.&lt;locals&gt;.&lt;genexpr&gt; at 0x00000175C6F7A330&gt;)">tests\unit\test_cli_utils_init.py:340: in test_import_statement_order
    assert any('from .cli_helpers import (' in line
E   assert False
E    +  where False = any(&lt;generator object TestCLIUtilsInit.test_import_statement_order.&lt;locals&gt;.&lt;genexpr&gt; at 0x00000175C6F7A330&gt;)</failure></testcase><testcase classname="tests.unit.test_cli_utils_init.TestCLIUtilsInit" name="test_package_metadata_consistency" time="0.004" /><testcase classname="tests.unit.test_cli_utils_init.TestCLIUtilsInit" name="test_module_attributes_existence" time="0.004" /><testcase classname="tests.unit.test_cli_utils_init.TestCLIUtilsInit" name="test_import_performance" time="0.004" /><testcase classname="tests.unit.test_cli_utils_init.TestCLIUtilsInit" name="test_multiple_imports_behavior" time="0.004" /><testcase classname="tests.unit.test_cli_utils_init.TestCLIUtilsInit" name="test_export_consistency" time="0.004" /><testcase classname="tests.unit.test_cli_utils_init.TestCLIUtilsInit" name="test_docstring_formatting" time="0.004"><failure message="assert False&#10; +  where False = &lt;built-in method startswith of str object at 0x00000175C6FFB4B0&gt;('&quot;&quot;&quot;')&#10; +    where &lt;built-in method startswith of str object at 0x00000175C6FFB4B0&gt; = 'CLI Utilities - User Story 2.1.1: Behavior Tracker – Git Commit Logger\n\nThis package contains utility functions for CLI functionality.'.startswith&#10; +      where 'CLI Utilities - User Story 2.1.1: Behavior Tracker – Git Commit Logger\n\nThis package contains utility functions for CLI functionality.' = &lt;built-in method strip of str object at 0x00000175C6E25290&gt;()&#10; +        where &lt;built-in method strip of str object at 0x00000175C6E25290&gt; = '\nCLI Utilities - User Story 2.1.1: Behavior Tracker – Git Commit Logger\n\nThis package contains utility functions for CLI functionality.\n'.strip">tests\unit\test_cli_utils_init.py:505: in test_docstring_formatting
    assert docstring.strip().startswith('"""')
E   assert False
E    +  where False = &lt;built-in method startswith of str object at 0x00000175C6FFB4B0&gt;('"""')
E    +    where &lt;built-in method startswith of str object at 0x00000175C6FFB4B0&gt; = 'CLI Utilities - User Story 2.1.1: Behavior Tracker – Git Commit Logger\n\nThis package contains utility functions for CLI functionality.'.startswith
E    +      where 'CLI Utilities - User Story 2.1.1: Behavior Tracker – Git Commit Logger\n\nThis package contains utility functions for CLI functionality.' = &lt;built-in method strip of str object at 0x00000175C6E25290&gt;()
E    +        where &lt;built-in method strip of str object at 0x00000175C6E25290&gt; = '\nCLI Utilities - User Story 2.1.1: Behavior Tracker – Git Commit Logger\n\nThis package contains utility functions for CLI functionality.\n'.strip</failure></testcase><testcase classname="tests.unit.test_cli_utils_init.TestCLIUtilsInit" name="test_version_format" time="0.004" /><testcase classname="tests.unit.test_cli_utils_init.TestCLIUtilsInit" name="test_import_paths_accuracy" time="0.004"><failure message="assert False&#10; +  where False = any(&lt;generator object TestCLIUtilsInit.test_import_paths_accuracy.&lt;locals&gt;.&lt;genexpr&gt; at 0x00000175C7073E00&gt;)">tests\unit\test_cli_utils_init.py:555: in test_import_paths_accuracy
    assert any('from .cli_helpers import (' in line
E   assert False
E    +  where False = any(&lt;generator object TestCLIUtilsInit.test_import_paths_accuracy.&lt;locals&gt;.&lt;genexpr&gt; at 0x00000175C7073E00&gt;)</failure></testcase><testcase classname="tests.unit.test_cli_utils_init.TestCLIUtilsInit" name="test_package_initialization_completeness" time="0.004" /><testcase classname="tests.unit.test_cli_utils_init.TestCLIUtilsInit" name="test_function_availability" time="0.005"><failure message="AssertionError: assert &lt;function format_commit_message at 0x00000175C6A9F560&gt; == &lt;MagicMock name='format_commit_message' id='1605359522144'&gt;&#10; +  where &lt;function format_commit_message at 0x00000175C6A9F560&gt; = &lt;module 'cli.utils' from 'C:\\Projects\\Pratice_Microservice\\craftnudge-ai-agent\\cli\\utils\\__init__.py'&gt;.format_commit_message">tests\unit\test_cli_utils_init.py:655: in test_function_availability
    assert cli_utils_package.format_commit_message == mock_format_commit
E   AssertionError: assert &lt;function format_commit_message at 0x00000175C6A9F560&gt; == &lt;MagicMock name='format_commit_message' id='1605359522144'&gt;
E    +  where &lt;function format_commit_message at 0x00000175C6A9F560&gt; = &lt;module 'cli.utils' from 'C:\\Projects\\Pratice_Microservice\\craftnudge-ai-agent\\cli\\utils\\__init__.py'&gt;.format_commit_message</failure></testcase><testcase classname="tests.unit.test_cli_utils_init.TestCLIUtilsInit" name="test_function_signatures" time="0.004" /><testcase classname="tests.unit.test_commit_tracker.TestCommitTracker" name="test_init_with_custom_path" time="0.039" /><testcase classname="tests.unit.test_commit_tracker.TestCommitTracker" name="test_init_with_default_path" time="0.003" /><testcase classname="tests.unit.test_commit_tracker.TestCommitTracker" name="test_init_with_string_path" time="0.002" /><testcase classname="tests.unit.test_commit_tracker.TestCommitTracker" name="test_init_creates_dependencies" time="0.003" /><testcase classname="tests.unit.test_commit_tracker.TestCommitTracker" name="test_log_latest_commit_success" time="0.006" /><testcase classname="tests.unit.test_commit_tracker.TestCommitTracker" name="test_log_latest_commit_no_git_repository" time="0.005" /><testcase classname="tests.unit.test_commit_tracker.TestCommitTracker" name="test_log_latest_commit_git_error" time="0.004" /><testcase classname="tests.unit.test_commit_tracker.TestCommitTracker" name="test_log_commit_by_hash_success" time="0.006" /><testcase classname="tests.unit.test_commit_tracker.TestCommitTracker" name="test_log_commit_by_hash_no_git_repository" time="0.005" /><testcase classname="tests.unit.test_commit_tracker.TestCommitTracker" name="test_log_commit_by_hash_git_error" time="0.004" /><testcase classname="tests.unit.test_commit_tracker.TestCommitTracker" name="test_validate_commit_data_valid" time="0.002" /><testcase classname="tests.unit.test_commit_tracker.TestCommitTracker" name="test_validate_commit_data_missing_field[hash]" time="0.002" /><testcase classname="tests.unit.test_commit_tracker.TestCommitTracker" name="test_validate_commit_data_missing_field[author]" time="0.002" /><testcase classname="tests.unit.test_commit_tracker.TestCommitTracker" name="test_validate_commit_data_missing_field[message]" time="0.002" /><testcase classname="tests.unit.test_commit_tracker.TestCommitTracker" name="test_validate_commit_data_missing_field[timestamp]" time="0.002" /><testcase classname="tests.unit.test_commit_tracker.TestCommitTracker" name="test_validate_commit_data_missing_field[changed_files]" time="0.003" /><testcase classname="tests.unit.test_commit_tracker.TestCommitTracker" name="test_validate_commit_data_none_field" time="0.003" /><testcase classname="tests.unit.test_commit_tracker.TestCommitTracker" name="test_validate_commit_data_invalid_hash[abc]" time="0.002" /><testcase classname="tests.unit.test_commit_tracker.TestCommitTracker" name="test_validate_commit_data_invalid_hash[]" time="0.004" /><testcase classname="tests.unit.test_commit_tracker.TestCommitTracker" name="test_validate_commit_data_invalid_hash[None]" time="0.003"><failure message="AssertionError: assert 'Invalid commit hash format' in 'Missing required field: hash'&#10; +  where 'Missing required field: hash' = str(ValueError('Missing required field: hash'))&#10; +    where ValueError('Missing required field: hash') = &lt;ExceptionInfo ValueError('Missing required field: hash') tblen=2&gt;.value">tests\unit\test_commit_tracker.py:309: in test_validate_commit_data_invalid_hash
    assert "Invalid commit hash format" in str(exc_info.value)
E   AssertionError: assert 'Invalid commit hash format' in 'Missing required field: hash'
E    +  where 'Missing required field: hash' = str(ValueError('Missing required field: hash'))
E    +    where ValueError('Missing required field: hash') = &lt;ExceptionInfo ValueError('Missing required field: hash') tblen=2&gt;.value</failure></testcase><testcase classname="tests.unit.test_commit_tracker.TestCommitTracker" name="test_validate_commit_data_invalid_timestamp[invalid-date]" time="0.003" /><testcase classname="tests.unit.test_commit_tracker.TestCommitTracker" name="test_validate_commit_data_invalid_timestamp[2023-13-01T12:00:00+00:00]" time="0.003" /><testcase classname="tests.unit.test_commit_tracker.TestCommitTracker" name="test_validate_commit_data_invalid_timestamp[2023-01-32T12:00:00+00:00]" time="0.002" /><testcase classname="tests.unit.test_commit_tracker.TestCommitTracker" name="test_validate_commit_data_invalid_timestamp[]" time="0.002" /><testcase classname="tests.unit.test_commit_tracker.TestCommitTracker" name="test_validate_commit_data_invalid_timestamp[None]" time="0.003"><failure message="AssertionError: assert 'Invalid timestamp format' in 'Missing required field: timestamp'&#10; +  where 'Missing required field: timestamp' = str(ValueError('Missing required field: timestamp'))&#10; +    where ValueError('Missing required field: timestamp') = &lt;ExceptionInfo ValueError('Missing required field: timestamp') tblen=2&gt;.value">tests\unit\test_commit_tracker.py:331: in test_validate_commit_data_invalid_timestamp
    assert "Invalid timestamp format" in str(exc_info.value)
E   AssertionError: assert 'Invalid timestamp format' in 'Missing required field: timestamp'
E    +  where 'Missing required field: timestamp' = str(ValueError('Missing required field: timestamp'))
E    +    where ValueError('Missing required field: timestamp') = &lt;ExceptionInfo ValueError('Missing required field: timestamp') tblen=2&gt;.value</failure></testcase><testcase classname="tests.unit.test_commit_tracker.TestCommitTracker" name="test_get_repository_info_success" time="0.004" /><testcase classname="tests.unit.test_commit_tracker.TestCommitTracker" name="test_get_repository_info_no_git_repository" time="0.004" /><testcase classname="tests.unit.test_commit_tracker.TestCommitTracker" name="test_get_repository_info_error" time="0.004" /><testcase classname="tests.unit.test_commit_tracker.TestGitRepositoryError" name="test_git_repository_error_initialization" time="0.001" /><testcase classname="tests.unit.test_commit_tracker.TestGitRepositoryError" name="test_git_repository_error_inheritance" time="0.001" /><testcase classname="tests.unit.test_commit_tracker.TestCommitExtractionError" name="test_commit_extraction_error_initialization" time="0.002" /><testcase classname="tests.unit.test_commit_tracker.TestCommitExtractionError" name="test_commit_extraction_error_inheritance" time="0.002" /><testcase classname="tests.unit.test_commit_tracker.TestCommitTrackerIntegration" name="test_full_commit_logging_workflow" time="0.004" /><testcase classname="tests.unit.test_commit_tracker.TestCommitTrackerIntegration" name="test_commit_by_hash_variations[abc123def456-True]" time="0.004" /><testcase classname="tests.unit.test_commit_tracker.TestCommitTrackerIntegration" name="test_commit_by_hash_variations[def456ghi789-True]" time="0.003" /><testcase classname="tests.unit.test_commit_tracker.TestCommitTrackerIntegration" name="test_commit_by_hash_variations[invalid-hash-False]" time="0.005" /><testcase classname="tests.unit.test_commit_tracker.TestCommitTrackerIntegration" name="test_commit_by_hash_variations[-False]" time="0.004" /><testcase classname="tests.unit.test_commit_tracker.TestCommitTrackerIntegration" name="test_timestamp_validation_formats[2023-01-01T12:00:00+00:00]" time="0.002"><failure message="AttributeError: 'TestCommitTrackerIntegration' object has no attribute 'commit_tracker'">tests\unit\test_commit_tracker.py:549: in test_timestamp_validation_formats
    self.commit_tracker._validate_commit_data(commit_data)
    ^^^^^^^^^^^^^^^^^^^
E   AttributeError: 'TestCommitTrackerIntegration' object has no attribute 'commit_tracker'</failure></testcase><testcase classname="tests.unit.test_commit_tracker.TestCommitTrackerIntegration" name="test_timestamp_validation_formats[2023-01-01T12:00:00Z]" time="0.002"><failure message="AttributeError: 'TestCommitTrackerIntegration' object has no attribute 'commit_tracker'">tests\unit\test_commit_tracker.py:549: in test_timestamp_validation_formats
    self.commit_tracker._validate_commit_data(commit_data)
    ^^^^^^^^^^^^^^^^^^^
E   AttributeError: 'TestCommitTrackerIntegration' object has no attribute 'commit_tracker'</failure></testcase><testcase classname="tests.unit.test_commit_tracker.TestCommitTrackerIntegration" name="test_timestamp_validation_formats[2023-01-01T12:00:00-05:00]" time="0.002"><failure message="AttributeError: 'TestCommitTrackerIntegration' object has no attribute 'commit_tracker'">tests\unit\test_commit_tracker.py:549: in test_timestamp_validation_formats
    self.commit_tracker._validate_commit_data(commit_data)
    ^^^^^^^^^^^^^^^^^^^
E   AttributeError: 'TestCommitTrackerIntegration' object has no attribute 'commit_tracker'</failure></testcase><testcase classname="tests.unit.test_commit_tracker.TestCommitTrackerIntegration" name="test_commit_tracker_with_real_path" time="0.003"><failure message="assert False&#10; +  where False = isinstance(&lt;services.commit_tracker_service.src.git_parser.GitParser object at 0x00000175C71BCD10&gt;, MagicMock)&#10; +    where &lt;services.commit_tracker_service.src.git_parser.GitParser object at 0x00000175C71BCD10&gt; = &lt;services.commit_tracker_service.src.commit_tracker.CommitTracker object at 0x00000175C71BCD70&gt;.git_parser">tests\unit\test_commit_tracker.py:555: in test_commit_tracker_with_real_path
    assert isinstance(tracker.git_parser, MagicMock)  # Mocked in tests
    ^^^^^^^^^^^^^^^^^^^^^^^^^^^^^^^^^^^^^^^^^^^^^^^^
E   assert False
E    +  where False = isinstance(&lt;services.commit_tracker_service.src.git_parser.GitParser object at 0x00000175C71BCD10&gt;, MagicMock)
E    +    where &lt;services.commit_tracker_service.src.git_parser.GitParser object at 0x00000175C71BCD10&gt; = &lt;services.commit_tracker_service.src.commit_tracker.CommitTracker object at 0x00000175C71BCD70&gt;.git_parser</failure></testcase><testcase classname="tests.unit.test_commit_tracker.TestCommitTrackerEdgeCases" name="test_commit_tracker_empty_path" time="0.003"><failure message="AssertionError: assert WindowsPath('C:/Projects/Pratice_Microservice/craftnudge-ai-agent') == WindowsPath('.')&#10; +  where WindowsPath('C:/Projects/Pratice_Microservice/craftnudge-ai-agent') = &lt;services.commit_tracker_service.src.commit_tracker.CommitTracker object at 0x00000175C6EB0530&gt;.repo_path&#10; +  and   WindowsPath('.') = Path('')">tests\unit\test_commit_tracker.py:565: in test_commit_tracker_empty_path
    assert tracker.repo_path == Path("")
E   AssertionError: assert WindowsPath('C:/Projects/Pratice_Microservice/craftnudge-ai-agent') == WindowsPath('.')
E    +  where WindowsPath('C:/Projects/Pratice_Microservice/craftnudge-ai-agent') = &lt;services.commit_tracker_service.src.commit_tracker.CommitTracker object at 0x00000175C6EB0530&gt;.repo_path
E    +  and   WindowsPath('.') = Path('')</failure></testcase><testcase classname="tests.unit.test_commit_tracker.TestCommitTrackerEdgeCases" name="test_commit_tracker_none_path" time="0.003" /><testcase classname="tests.unit.test_commit_tracker.TestCommitTrackerEdgeCases" name="test_commit_tracker_relative_path" time="0.002" /><testcase classname="tests.unit.test_commit_tracker.TestCommitTrackerEdgeCases" name="test_validate_commit_data_edge_cases" time="0.002"><failure message="AttributeError: 'TestCommitTrackerEdgeCases' object has no attribute 'commit_tracker'">tests\unit\test_commit_tracker.py:594: in test_validate_commit_data_edge_cases
    self.commit_tracker._validate_commit_data(minimal_data)
    ^^^^^^^^^^^^^^^^^^^
E   AttributeError: 'TestCommitTrackerEdgeCases' object has no attribute 'commit_tracker'</failure></testcase><testcase classname="tests.unit.test_commit_tracker_service_init.TestCommitTrackerServiceInit" name="test_package_docstring" time="0.003" /><testcase classname="tests.unit.test_commit_tracker_service_init.TestCommitTrackerServiceInit" name="test_docstring_formatting" time="0.003"><failure message="assert False&#10; +  where False = &lt;built-in method startswith of str object at 0x00000175C6FF8FF0&gt;('&quot;&quot;&quot;')&#10; +    where &lt;built-in method startswith of str object at 0x00000175C6FF8FF0&gt; = 'Commit Tracker Service - User Story 2.1.1: Behavior Tracker – Git Commit Logger\n\nThis package contains the commit tracking microservice.'.startswith&#10; +      where 'Commit Tracker Service - User Story 2.1.1: Behavior Tracker – Git Commit Logger\n\nThis package contains the commit tracking microservice.' = &lt;built-in method strip of str object at 0x00000175C6E59E70&gt;()&#10; +        where &lt;built-in method strip of str object at 0x00000175C6E59E70&gt; = '\nCommit Tracker Service - User Story 2.1.1: Behavior Tracker – Git Commit Logger\n\nThis package contains the commit tracking microservice.\n'.strip">tests\unit\test_commit_tracker_service_init.py:48: in test_docstring_formatting
    assert docstring.strip().startswith('"""')
E   assert False
E    +  where False = &lt;built-in method startswith of str object at 0x00000175C6FF8FF0&gt;('"""')
E    +    where &lt;built-in method startswith of str object at 0x00000175C6FF8FF0&gt; = 'Commit Tracker Service - User Story 2.1.1: Behavior Tracker – Git Commit Logger\n\nThis package contains the commit tracking microservice.'.startswith
E    +      where 'Commit Tracker Service - User Story 2.1.1: Behavior Tracker – Git Commit Logger\n\nThis package contains the commit tracking microservice.' = &lt;built-in method strip of str object at 0x00000175C6E59E70&gt;()
E    +        where &lt;built-in method strip of str object at 0x00000175C6E59E70&gt; = '\nCommit Tracker Service - User Story 2.1.1: Behavior Tracker – Git Commit Logger\n\nThis package contains the commit tracking microservice.\n'.strip</failure></testcase><testcase classname="tests.unit.test_commit_tracker_service_init.TestCommitTrackerServiceInit" name="test_package_structure" time="0.003" /><testcase classname="tests.unit.test_commit_tracker_service_init.TestCommitTrackerServiceInit" name="test_import_performance" time="0.003" /><testcase classname="tests.unit.test_commit_tracker_service_init.TestCommitTrackerServiceInit" name="test_multiple_imports_behavior" time="0.002" /><testcase classname="tests.unit.test_commit_tracker_service_init.TestCommitTrackerServiceInit" name="test_package_initialization_completeness" time="0.002" /><testcase classname="tests.unit.test_commit_tracker_service_init.TestCommitTrackerServiceInit" name="test_docstring_content_accuracy" time="0.002" /><testcase classname="tests.unit.test_commit_tracker_service_init.TestCommitTrackerServiceInit" name="test_package_metadata_consistency" time="0.002" /><testcase classname="tests.unit.test_commit_tracker_service_init.TestCommitTrackerServiceInit" name="test_module_attributes_existence" time="0.002" /><testcase classname="tests.unit.test_commit_tracker_service_init.TestCommitTrackerServiceInit" name="test_package_import_path" time="0.002" /><testcase classname="tests.unit.test_commit_tracker_service_init.TestCommitTrackerServiceInit" name="test_docstring_structure" time="0.002" /><testcase classname="tests.unit.test_commit_tracker_service_init.TestCommitTrackerServiceInit" name="test_package_initialization_robustness" time="0.002" /><testcase classname="tests.unit.test_commit_tracker_service_init.TestCommitTrackerServiceInit" name="test_docstring_completeness" time="0.002" /><testcase classname="tests.unit.test_commit_tracker_service_init.TestCommitTrackerServiceInit" name="test_package_import_consistency" time="0.003" /><testcase classname="tests.unit.test_commit_tracker_service_init.TestCommitTrackerServiceInit" name="test_docstring_quality" time="0.003"><failure message="assert False&#10; +  where False = &lt;built-in method startswith of str object at 0x00000175C6E24EA0&gt;('&quot;&quot;&quot;')&#10; +    where &lt;built-in method startswith of str object at 0x00000175C6E24EA0&gt; = 'Commit Tracker Service - User Story 2.1.1: Behavior Tracker – Git Commit Logger\n\nThis package contains the commit tracking microservice.'.startswith&#10; +      where 'Commit Tracker Service - User Story 2.1.1: Behavior Tracker – Git Commit Logger\n\nThis package contains the commit tracking microservice.' = &lt;built-in method strip of str object at 0x00000175C6E59D10&gt;()&#10; +        where &lt;built-in method strip of str object at 0x00000175C6E59D10&gt; = '\nCommit Tracker Service - User Story 2.1.1: Behavior Tracker – Git Commit Logger\n\nThis package contains the commit tracking microservice.\n'.strip">tests\unit\test_commit_tracker_service_init.py:203: in test_docstring_quality
    assert docstring.strip().startswith('"""')
E   assert False
E    +  where False = &lt;built-in method startswith of str object at 0x00000175C6E24EA0&gt;('"""')
E    +    where &lt;built-in method startswith of str object at 0x00000175C6E24EA0&gt; = 'Commit Tracker Service - User Story 2.1.1: Behavior Tracker – Git Commit Logger\n\nThis package contains the commit tracking microservice.'.startswith
E    +      where 'Commit Tracker Service - User Story 2.1.1: Behavior Tracker – Git Commit Logger\n\nThis package contains the commit tracking microservice.' = &lt;built-in method strip of str object at 0x00000175C6E59D10&gt;()
E    +        where &lt;built-in method strip of str object at 0x00000175C6E59D10&gt; = '\nCommit Tracker Service - User Story 2.1.1: Behavior Tracker – Git Commit Logger\n\nThis package contains the commit tracking microservice.\n'.strip</failure></testcase><testcase classname="tests.unit.test_commit_tracker_service_init.TestCommitTrackerServiceInit" name="test_package_naming_convention" time="0.002" /><testcase classname="tests.unit.test_commit_tracker_service_init.TestCommitTrackerServiceInit" name="test_docstring_accuracy" time="0.002" /><testcase classname="tests.unit.test_commit_tracker_service_init.TestCommitTrackerServiceInit" name="test_package_initialization_cleanliness" time="0.003"><failure message="AssertionError: assert 7 == 0&#10; +  where 7 = len(['GitCommandError', 'DataWriter', 'git_parser', 'commit_tracker', 'data_writer', 'GitParser', ...])">tests\unit\test_commit_tracker_service_init.py:239: in test_package_initialization_cleanliness
    assert len(unexpected_public) == 0
E   AssertionError: assert 7 == 0
[...]
    raise AttributeError(
E   AttributeError: &lt;module 'cli.commands.track_commit' from 'C:\\Projects\\Pratice_Microservice\\craftnudge-ai-agent\\cli\\commands\\track_commit.py'&gt; does not have the attribute 'track_commit'</failure></testcase><testcase classname="tests.unit.test_source_files.TestCoverage" name="test_all_functions_covered" time="0.002"><failure message="FileNotFoundError: [Errno 2] No such file or directory: 'C:\\Projects\\Pratice_Microservice\\craftnudge-ai-agent\\tests\\track_commit.py'">tests\unit\test_source_files.py:732: in test_all_functions_covered
    with open(full_path, 'r', encoding='utf-8') as f:
         ^^^^^^^^^^^^^^^^^^^^^^^^^^^^^^^^^^^^^^
E   FileNotFoundError: [Errno 2] No such file or directory: 'C:\\Projects\\Pratice_Microservice\\craftnudge-ai-agent\\tests\\track_commit.py'</failure></testcase><testcase classname="tests.unit.test_source_files.TestCoverage" name="test_all_classes_covered" time="0.002"><failure message="FileNotFoundError: [Errno 2] No such file or directory: 'C:\\Projects\\Pratice_Microservice\\craftnudge-ai-agent\\tests\\shared\\utils\\error_handler.py'">tests\unit\test_source_files.py:677: in test_all_classes_covered
    with open(full_path, 'r', encoding='utf-8') as f:
         ^^^^^^^^^^^^^^^^^^^^^^^^^^^^^^^^^^^^^^
E   FileNotFoundError: [Errno 2] No such file or directory: 'C:\\Projects\\Pratice_Microservice\\craftnudge-ai-agent\\tests\\shared\\utils\\error_handler.py'</failure></testcase><testcase classname="tests.unit.test_track_commit_cli.TestArgumentParser" name="test_create_argument_parser" time="0.004" /><testcase classname="tests.unit.test_track_commit_cli.TestArgumentParser" name="test_parser_has_global_options" time="0.004" /><testcase classname="tests.unit.test_track_commit_cli.TestArgumentParser" name="test_parser_has_subcommands" time="0.004"><failure message="AttributeError: 'ArgumentParser' object has no attribute 'dest'">tests\unit\test_track_commit_cli.py:48: in test_parser_has_subcommands
    subcommands = [action.dest for action in parser._subparsers._group_actions[0].choices.values()]
                   ^^^^^^^^^^^
E   AttributeError: 'ArgumentParser' object has no attribute 'dest'</failure></testcase><testcase classname="tests.unit.test_track_commit_cli.TestArgumentParser" name="test_latest_command_parser" time="0.004"><failure message="AssertionError: assert 1 == 0&#10; +  where 1 = len([_HelpAction(option_strings=['-h', '--help'], dest='help', nargs=0, const=None, default='==SUPPRESS==', type=None, choices=None, required=False, help='show this help message and exit', metavar=None, deprecated=False)])&#10; +    where [_HelpAction(option_strings=['-h', '--help'], dest='help', nargs=0, const=None, default='==SUPPRESS==', type=None, choices=None, required=False, help='show this help message and exit', metavar=None, deprecated=False)] = &lt;argparse._ArgumentGroup object at 0x00000175C73B1C10&gt;._group_actions&#10; +      where &lt;argparse._ArgumentGroup object at 0x00000175C73B1C10&gt; = ArgumentParser(prog='__main__.py latest', usage=None, description=None, formatter_class=&lt;class 'argparse.HelpFormatter'&gt;, conflict_handler='error', add_help=True)._optionals">tests\unit\test_track_commit_cli.py:60: in test_latest_command_parser
    assert len(latest_parser._optionals._group_actions) == 0
E   AssertionError: assert 1 == 0
E    +  where 1 = len([_HelpAction(option_strings=['-h', '--help'], dest='help', nargs=0, const=None, default='==SUPPRESS==', type=None, choices=None, required=False, help='show this help message and exit', metavar=None, deprecated=False)])
E    +    where [_HelpAction(option_strings=['-h', '--help'], dest='help', nargs=0, const=None, default='==SUPPRESS==', type=None, choices=None, required=False, help='show this help message and exit', metavar=None, deprecated=False)] = &lt;argparse._ArgumentGroup object at 0x00000175C73B1C10&gt;._group_actions
E    +      where &lt;argparse._ArgumentGroup object at 0x00000175C73B1C10&gt; = ArgumentParser(prog='__main__.py latest', usage=None, description=None, formatter_class=&lt;class 'argparse.HelpFormatter'&gt;, conflict_handler='error', add_help=True)._optionals</failure></testcase><testcase classname="tests.unit.test_track_commit_cli.TestArgumentParser" name="test_hash_command_parser" time="0.004" /><testcase classname="tests.unit.test_track_commit_cli.TestArgumentParser" name="test_list_command_parser" time="0.004" /><testcase classname="tests.unit.test_track_commit_cli.TestArgumentParser" name="test_search_command_parser" time="0.004" /><testcase classname="tests.unit.test_track_commit_cli.TestArgumentParser" name="test_output_format_choices[json]" time="0.005"><failure message="SystemExit: 2">tests\unit\test_track_commit_cli.py:95: in test_output_format_choices
    args = parser.parse_args(['latest', '--output-format', output_format])
           ^^^^^^^^^^^^^^^^^^^^^^^^^^^^^^^^^^^^^^^^^^^^^^^^^^^^^^^^^^^^^^^
C:\Python313\Lib\argparse.py:1902: in parse_args
    self.error(msg)
C:\Python313\Lib\argparse.py:2658: in error
    self.exit(2, _('%(prog)s: error: %(message)s\n') % args)
C:\Python313\Lib\argparse.py:2645: in exit
    _sys.exit(status)
E   SystemExit: 2</failure></testcase><testcase classname="tests.unit.test_track_commit_cli.TestArgumentParser" name="test_output_format_choices[text]" time="0.005"><failure message="SystemExit: 2">tests\unit\test_track_commit_cli.py:95: in test_output_format_choices
    args = parser.parse_args(['latest', '--output-format', output_format])
           ^^^^^^^^^^^^^^^^^^^^^^^^^^^^^^^^^^^^^^^^^^^^^^^^^^^^^^^^^^^^^^^
C:\Python313\Lib\argparse.py:1902: in parse_args
    self.error(msg)
C:\Python313\Lib\argparse.py:2658: in error
    self.exit(2, _('%(prog)s: error: %(message)s\n') % args)
C:\Python313\Lib\argparse.py:2645: in exit
    _sys.exit(status)
E   SystemExit: 2</failure></testcase><testcase classname="tests.unit.test_track_commit_cli.TestArgumentParser" name="test_output_format_choices[table]" time="0.005"><failure message="SystemExit: 2">tests\unit\test_track_commit_cli.py:95: in test_output_format_choices
    args = parser.parse_args(['latest', '--output-format', output_format])
           ^^^^^^^^^^^^^^^^^^^^^^^^^^^^^^^^^^^^^^^^^^^^^^^^^^^^^^^^^^^^^^^
C:\Python313\Lib\argparse.py:1902: in parse_args
    self.error(msg)
C:\Python313\Lib\argparse.py:2658: in error
    self.exit(2, _('%(prog)s: error: %(message)s\n') % args)
C:\Python313\Lib\argparse.py:2645: in exit
    _sys.exit(status)
E   SystemExit: 2</failure></testcase><testcase classname="tests.unit.test_track_commit_cli.TestArgumentParser" name="test_log_level_choices[DEBUG]" time="0.005"><failure message="SystemExit: 2">tests\unit\test_track_commit_cli.py:104: in test_log_level_choices
    args = parser.parse_args(['latest', '--log-level', log_level])
           ^^^^^^^^^^^^^^^^^^^^^^^^^^^^^^^^^^^^^^^^^^^^^^^^^^^^^^^
C:\Python313\Lib\argparse.py:1902: in parse_args
    self.error(msg)
C:\Python313\Lib\argparse.py:2658: in error
    self.exit(2, _('%(prog)s: error: %(message)s\n') % args)
C:\Python313\Lib\argparse.py:2645: in exit
    _sys.exit(status)
E   SystemExit: 2</failure></testcase><testcase classname="tests.unit.test_track_commit_cli.TestArgumentParser" name="test_log_level_choices[INFO]" time="0.005"><failure message="SystemExit: 2">tests\unit\test_track_commit_cli.py:104: in test_log_level_choices
    args = parser.parse_args(['latest', '--log-level', log_level])
           ^^^^^^^^^^^^^^^^^^^^^^^^^^^^^^^^^^^^^^^^^^^^^^^^^^^^^^^
C:\Python313\Lib\argparse.py:1902: in parse_args
    self.error(msg)
C:\Python313\Lib\argparse.py:2658: in error
    self.exit(2, _('%(prog)s: error: %(message)s\n') % args)
C:\Python313\Lib\argparse.py:2645: in exit
    _sys.exit(status)
E   SystemExit: 2</failure></testcase><testcase classname="tests.unit.test_track_commit_cli.TestArgumentParser" name="test_log_level_choices[WARNING]" time="0.006"><failure message="SystemExit: 2">tests\unit\test_track_commit_cli.py:104: in test_log_level_choices
    args = parser.parse_args(['latest', '--log-level', log_level])
           ^^^^^^^^^^^^^^^^^^^^^^^^^^^^^^^^^^^^^^^^^^^^^^^^^^^^^^^
C:\Python313\Lib\argparse.py:1902: in parse_args
    self.error(msg)
C:\Python313\Lib\argparse.py:2658: in error
    self.exit(2, _('%(prog)s: error: %(message)s\n') % args)
C:\Python313\Lib\argparse.py:2645: in exit
    _sys.exit(status)
E   SystemExit: 2</failure></testcase><testcase classname="tests.unit.test_track_commit_cli.TestArgumentParser" name="test_log_level_choices[ERROR]" time="0.005"><failure message="SystemExit: 2">tests\unit\test_track_commit_cli.py:104: in test_log_level_choices
    args = parser.parse_args(['latest', '--log-level', log_level])
           ^^^^^^^^^^^^^^^^^^^^^^^^^^^^^^^^^^^^^^^^^^^^^^^^^^^^^^^
C:\Python313\Lib\argparse.py:1902: in parse_args
    self.error(msg)
C:\Python313\Lib\argparse.py:2658: in error
    self.exit(2, _('%(prog)s: error: %(message)s\n') % args)
C:\Python313\Lib\argparse.py:2645: in exit
    _sys.exit(status)
E   SystemExit: 2</failure></testcase><testcase classname="tests.unit.test_track_commit_cli.TestCLIFunctions" name="test_track_latest_commit" time="0.002" /><testcase classname="tests.unit.test_track_commit_cli.TestCLIFunctions" name="test_track_commit_by_hash" time="0.002" /><testcase classname="tests.unit.test_track_commit_cli.TestCLIFunctions" name="test_get_repository_info" time="0.002" /><testcase classname="tests.unit.test_track_commit_cli.TestCLIFunctions" name="test_list_commits" time="0.002"><failure message="AttributeError: &lt;module 'cli.commands.track_commit' from 'C:\\Projects\\Pratice_Microservice\\craftnudge-ai-agent\\cli\\commands\\track_commit.py'&gt; does not have the attribute 'DataWriter'">C:\Python313\Lib\unittest\mock.py:1423: in patched
    with self.decoration_helper(patched,
C:\Python313\Lib\contextlib.py:141: in __enter__
    return next(self.gen)
           ^^^^^^^^^^^^^^
C:\Python313\Lib\unittest\mock.py:1405: in decoration_helper
    arg = exit_stack.enter_context(patching)
          ^^^^^^^^^^^^^^^^^^^^^^^^^^^^^^^^^^
C:\Python313\Lib\contextlib.py:530: in enter_context
    result = _enter(cm)
             ^^^^^^^^^^
C:\Python313\Lib\unittest\mock.py:1497: in __enter__
    original, local = self.get_original()
                      ^^^^^^^^^^^^^^^^^^^
C:\Python313\Lib\unittest\mock.py:1467: in get_original
    raise AttributeError(
E   AttributeError: &lt;module 'cli.commands.track_commit' from 'C:\\Projects\\Pratice_Microservice\\craftnudge-ai-agent\\cli\\commands\\track_commit.py'&gt; does not have the attribute 'DataWriter'</failure></testcase><testcase classname="tests.unit.test_track_commit_cli.TestCLIFunctions" name="test_search_commits_with_criteria" time="0.002"><failure message="AttributeError: &lt;module 'cli.commands.track_commit' from 'C:\\Projects\\Pratice_Microservice\\craftnudge-ai-agent\\cli\\commands\\track_commit.py'&gt; does not have the attribute 'DataWriter'">C:\Python313\Lib\unittest\mock.py:1423: in patched
    with self.decoration_helper(patched,
C:\Python313\Lib\contextlib.py:141: in __enter__
    return next(self.gen)
           ^^^^^^^^^^^^^^
C:\Python313\Lib\unittest\mock.py:1405: in decoration_helper
    arg = exit_stack.enter_context(patching)
          ^^^^^^^^^^^^^^^^^^^^^^^^^^^^^^^^^^
C:\Python313\Lib\contextlib.py:530: in enter_context
    result = _enter(cm)
             ^^^^^^^^^^
C:\Python313\Lib\unittest\mock.py:1497: in __enter__
    original, local = self.get_original()
                      ^^^^^^^^^^^^^^^^^^^
C:\Python313\Lib\unittest\mock.py:1467: in get_original
    raise AttributeError(
E   AttributeError: &lt;module 'cli.commands.track_commit' from 'C:\\Projects\\Pratice_Microservice\\craftnudge-ai-agent\\cli\\commands\\track_commit.py'&gt; does not have the attribute 'DataWriter'</failure></testcase><testcase classname="tests.unit.test_track_commit_cli.TestCLIFunctions" name="test_search_commits_without_criteria" time="0.002"><failure message="AttributeError: &lt;module 'cli.commands.track_commit' from 'C:\\Projects\\Pratice_Microservice\\craftnudge-ai-agent\\cli\\commands\\track_commit.py'&gt; does not have the attribute 'DataWriter'">C:\Python313\Lib\unittest\mock.py:1423: in patched
    with self.decoration_helper(patched,
C:\Python313\Lib\contextlib.py:141: in __enter__
    return next(self.gen)
           ^^^^^^^^^^^^^^
C:\Python313\Lib\unittest\mock.py:1405: in decoration_helper
    arg = exit_stack.enter_context(patching)
          ^^^^^^^^^^^^^^^^^^^^^^^^^^^^^^^^^^
C:\Python313\Lib\contextlib.py:530: in enter_context
    result = _enter(cm)
             ^^^^^^^^^^
C:\Python313\Lib\unittest\mock.py:1497: in __enter__
    original, local = self.get_original()
                      ^^^^^^^^^^^^^^^^^^^
C:\Python313\Lib\unittest\mock.py:1467: in get_original
    raise AttributeError(
E   AttributeError: &lt;module 'cli.commands.track_commit' from 'C:\\Projects\\Pratice_Microservice\\craftnudge-ai-agent\\cli\\commands\\track_commit.py'&gt; does not have the attribute 'DataWriter'</failure></testcase><testcase classname="tests.unit.test_track_commit_cli.TestCLIFunctions" name="test_search_commits_applies_limit" time="0.002"><failure message="AttributeError: &lt;module 'cli.commands.track_commit' from 'C:\\Projects\\Pratice_Microservice\\craftnudge-ai-agent\\cli\\commands\\track_commit.py'&gt; does not have the attribute 'DataWriter'">C:\Python313\Lib\unittest\mock.py:1423: in patched
    with self.decoration_helper(patched,
C:\Python313\Lib\contextlib.py:141: in __enter__
    return next(self.gen)
           ^^^^^^^^^^^^^^
C:\Python313\Lib\unittest\mock.py:1405: in decoration_helper
    arg = exit_stack.enter_context(patching)
          ^^^^^^^^^^^^^^^^^^^^^^^^^^^^^^^^^^
C:\Python313\Lib\contextlib.py:530: in enter_context
    result = _enter(cm)
             ^^^^^^^^^^
C:\Python313\Lib\unittest\mock.py:1497: in __enter__
    original, local = self.get_original()
                      ^^^^^^^^^^^^^^^^^^^
C:\Python313\Lib\unittest\mock.py:1467: in get_original
    raise AttributeError(
E   AttributeError: &lt;module 'cli.commands.track_commit' from 'C:\\Projects\\Pratice_Microservice\\craftnudge-ai-agent\\cli\\commands\\track_commit.py'&gt; does not have the attribute 'DataWriter'</failure></testcase><testcase classname="tests.unit.test_track_commit_cli.TestOutputFunctions" name="test_output_result_json_format" time="0.002" /><testcase classname="tests.unit.test_track_commit_cli.TestOutputFunctions" name="test_output_result_text_format" time="0.002" /><testcase classname="tests.unit.test_track_commit_cli.TestOutputFunctions" name="test_output_result_table_format" time="0.014" /><testcase classname="tests.unit.test_track_commit_cli.TestOutputFunctions" name="test_output_text_result_error" time="0.002" /><testcase classname="tests.unit.test_track_commit_cli.TestOutputFunctions" name="test_output_text_result_commit_data" time="0.002" /><testcase classname="tests.unit.test_track_commit_cli.TestOutputFunctions" name="test_output_text_result_commit_data_verbose" time="0.002" /><testcase classname="tests.unit.test_track_commit_cli.TestOutputFunctions" name="test_output_text_result_repository_info" time="0.002" /><testcase classname="tests.unit.test_track_commit_cli.TestOutputFunctions" name="test_output_text_result_commits_list" time="0.002"><failure message="assert False&#10; +  where False = any(&lt;generator object TestOutputFunctions.test_output_text_result_commits_list.&lt;locals&gt;.&lt;genexpr&gt; at 0x00000175C749C860&gt;)">tests\unit\test_track_commit_cli.py:399: in test_output_text_result_commits_list
    assert any("1. Commit: abc123def" in call for call in print_calls)
E   assert False
E    +  where False = any(&lt;generator object TestOutputFunctions.test_output_text_result_commits_list.&lt;locals&gt;.&lt;genexpr&gt; at 0x00000175C749C860&gt;)</failure></testcase><testcase classname="tests.unit.test_track_commit_cli.TestOutputFunctions" name="test_output_text_result_empty_commits" time="0.002" /><testcase classname="tests.unit.test_track_commit_cli.TestOutputFunctions" name="test_output_table_result_no_tabulate" time="0.002"><failure message="AttributeError: &lt;module 'cli.commands.track_commit' from 'C:\\Projects\\Pratice_Microservice\\craftnudge-ai-agent\\cli\\commands\\track_commit.py'&gt; does not have the attribute 'tabulate'">tests\unit\test_track_commit_cli.py:423: in test_output_table_result_no_tabulate
    with patch('cli.commands.track_commit.tabulate', side_effect=ImportError):
         ^^^^^^^^^^^^^^^^^^^^^^^^^^^^^^^^^^^^^^^^^^^^^^^^^^^^^^^^^^^^^^^^^^^^
C:\Python313\Lib\unittest\mock.py:1497: in __enter__
    original, local = self.get_original()
                      ^^^^^^^^^^^^^^^^^^^
C:\Python313\Lib\unittest\mock.py:1467: in get_original
    raise AttributeError(
E   AttributeError: &lt;module 'cli.commands.track_commit' from 'C:\\Projects\\Pratice_Microservice\\craftnudge-ai-agent\\cli\\commands\\track_commit.py'&gt; does not have the attribute 'tabulate'</failure></testcase><testcase classname="tests.unit.test_track_commit_cli.TestOutputFunctions" name="test_output_table_result_with_commits" time="0.002"><failure message="AttributeError: &lt;module 'cli.commands.track_commit' from 'C:\\Projects\\Pratice_Microservice\\craftnudge-ai-agent\\cli\\commands\\track_commit.py'&gt; does not have the attribute 'tabulate'">tests\unit\test_track_commit_cli.py:456: in test_output_table_result_with_commits
    with patch('cli.commands.track_commit.tabulate', mock_tabulate):
         ^^^^^^^^^^^^^^^^^^^^^^^^^^^^^^^^^^^^^^^^^^^^^^^^^^^^^^^^^^
C:\Python313\Lib\unittest\mock.py:1497: in __enter__
    original, local = self.get_original()
                      ^^^^^^^^^^^^^^^^^^^
C:\Python313\Lib\unittest\mock.py:1467: in get_original
    raise AttributeError(
E   AttributeError: &lt;module 'cli.commands.track_commit' from 'C:\\Projects\\Pratice_Microservice\\craftnudge-ai-agent\\cli\\commands\\track_commit.py'&gt; does not have the attribute 'tabulate'</failure></testcase><testcase classname="tests.unit.test_track_commit_cli.TestOutputFunctions" name="test_output_table_result_error" time="0.009" /><testcase classname="tests.unit.test_track_commit_cli.TestMainFunction" name="test_main_latest_command_success" time="0.004" /><testcase classname="tests.unit.test_track_commit_cli.TestMainFunction" name="test_main_hash_command_success" time="0.004" /><testcase classname="tests.unit.test_track_commit_cli.TestMainFunction" name="test_main_error_result" time="0.004" /><testcase classname="tests.unit.test_track_commit_cli.TestMainFunction" name="test_main_exception_handling" time="0.004" /><testcase classname="tests.unit.test_track_commit_cli.TestMainFunction" name="test_main_keyboard_interrupt" time="0.003" /><testcase classname="tests.unit.test_track_commit_cli.TestMainFunction" name="test_main_unknown_command" time="0.007"><failure message="AssertionError: Expected 'exit' to be called once. Called 2 times.&#10;Calls: [call(1), call(1)].">tests\unit\test_track_commit_cli.py:686: in test_main_unknown_command
    mock_exit.assert_called_once_with(1)
C:\Python313\Lib\unittest\mock.py:990: in assert_called_once_with
    raise AssertionError(msg)
E   AssertionError: Expected 'exit' to be called once. Called 2 times.
E   Calls: [call(1), call(1)].</failure></testcase><testcase classname="tests.unit.test_track_commit_cli.TestCLIIntegration" name="test_full_cli_workflow" time="0.004" /><testcase classname="tests.unit.test_track_commit_cli.TestCLIIntegration" name="test_different_commands[latest-log_latest_commit]" time="0.004" /><testcase classname="tests.unit.test_track_commit_cli.TestCLIIntegration" name="test_different_commands[hash-log_commit_by_hash]" time="0.004" /><testcase classname="tests.unit.test_track_commit_cli.TestCLIIntegration" name="test_different_commands[info-get_repository_info]" time="0.004" /></testsuite></testsuites>